{"/Users/sujin/Development/Sujin/Sujin/src/index.tsx": {"path":"/Users/sujin/Development/Sujin/Sujin/src/index.tsx","statementMap":{"0":{"start":{"line":20,"column":0},"end":{"line":55,"column":2}},"1":{"start":{"line":61,"column":0},"end":{"line":61,"column":27}}},"fnMap":{},"branchMap":{},"s":{"0":0,"1":0},"f":{},"b":{},"hash":"12c0210a2f3b7a39270a955028705b247e074fce"}
,"/Users/sujin/Development/Sujin/Sujin/src/serviceWorker.ts": {"path":"/Users/sujin/Development/Sujin/Sujin/src/serviceWorker.ts","statementMap":{"0":{"start":{"line":15,"column":20},"end":{"line":23,"column":1}},"1":{"start":{"line":31,"column":2},"end":{"line":64,"column":3}},"2":{"start":{"line":33,"column":22},"end":{"line":36,"column":5}},"3":{"start":{"line":37,"column":4},"end":{"line":42,"column":5}},"4":{"start":{"line":41,"column":6},"end":{"line":41,"column":13}},"5":{"start":{"line":44,"column":4},"end":{"line":63,"column":7}},"6":{"start":{"line":45,"column":20},"end":{"line":45,"column":65}},"7":{"start":{"line":47,"column":6},"end":{"line":62,"column":7}},"8":{"start":{"line":49,"column":8},"end":{"line":49,"column":47}},"9":{"start":{"line":53,"column":8},"end":{"line":58,"column":11}},"10":{"start":{"line":54,"column":10},"end":{"line":57,"column":12}},"11":{"start":{"line":61,"column":8},"end":{"line":61,"column":39}},"12":{"start":{"line":68,"column":2},"end":{"line":108,"column":7}},"13":{"start":{"line":71,"column":6},"end":{"line":104,"column":8}},"14":{"start":{"line":72,"column":33},"end":{"line":72,"column":56}},"15":{"start":{"line":73,"column":8},"end":{"line":75,"column":9}},"16":{"start":{"line":74,"column":10},"end":{"line":74,"column":17}},"17":{"start":{"line":76,"column":8},"end":{"line":103,"column":10}},"18":{"start":{"line":77,"column":10},"end":{"line":102,"column":11}},"19":{"start":{"line":78,"column":12},"end":{"line":101,"column":13}},"20":{"start":{"line":82,"column":14},"end":{"line":85,"column":16}},"21":{"start":{"line":88,"column":14},"end":{"line":90,"column":15}},"22":{"start":{"line":89,"column":16},"end":{"line":89,"column":46}},"23":{"start":{"line":95,"column":14},"end":{"line":95,"column":56}},"24":{"start":{"line":98,"column":14},"end":{"line":100,"column":15}},"25":{"start":{"line":99,"column":16},"end":{"line":99,"column":47}},"26":{"start":{"line":107,"column":6},"end":{"line":107,"column":73}},"27":{"start":{"line":113,"column":2},"end":{"line":138,"column":7}},"28":{"start":{"line":118,"column":26},"end":{"line":118,"column":62}},"29":{"start":{"line":119,"column":6},"end":{"line":132,"column":7}},"30":{"start":{"line":124,"column":8},"end":{"line":128,"column":11}},"31":{"start":{"line":125,"column":10},"end":{"line":127,"column":13}},"32":{"start":{"line":126,"column":12},"end":{"line":126,"column":37}},"33":{"start":{"line":131,"column":8},"end":{"line":131,"column":39}},"34":{"start":{"line":135,"column":6},"end":{"line":137,"column":8}},"35":{"start":{"line":142,"column":2},"end":{"line":150,"column":3}},"36":{"start":{"line":143,"column":4},"end":{"line":149,"column":9}},"37":{"start":{"line":145,"column":8},"end":{"line":145,"column":34}},"38":{"start":{"line":148,"column":8},"end":{"line":148,"column":36}}},"fnMap":{"0":{"name":"register","decl":{"start":{"line":30,"column":16},"end":{"line":30,"column":24}},"loc":{"start":{"line":30,"column":42},"end":{"line":65,"column":1}},"line":30},"1":{"name":"(anonymous_1)","decl":{"start":{"line":44,"column":36},"end":{"line":44,"column":37}},"loc":{"start":{"line":44,"column":42},"end":{"line":63,"column":5}},"line":44},"2":{"name":"(anonymous_2)","decl":{"start":{"line":53,"column":43},"end":{"line":53,"column":44}},"loc":{"start":{"line":53,"column":49},"end":{"line":58,"column":9}},"line":53},"3":{"name":"registerValidSW","decl":{"start":{"line":67,"column":9},"end":{"line":67,"column":24}},"loc":{"start":{"line":67,"column":57},"end":{"line":109,"column":1}},"line":67},"4":{"name":"(anonymous_4)","decl":{"start":{"line":70,"column":10},"end":{"line":70,"column":11}},"loc":{"start":{"line":70,"column":26},"end":{"line":105,"column":5}},"line":70},"5":{"name":"(anonymous_5)","decl":{"start":{"line":71,"column":35},"end":{"line":71,"column":36}},"loc":{"start":{"line":71,"column":41},"end":{"line":104,"column":7}},"line":71},"6":{"name":"(anonymous_6)","decl":{"start":{"line":76,"column":41},"end":{"line":76,"column":42}},"loc":{"start":{"line":76,"column":47},"end":{"line":103,"column":9}},"line":76},"7":{"name":"(anonymous_7)","decl":{"start":{"line":106,"column":11},"end":{"line":106,"column":12}},"loc":{"start":{"line":106,"column":20},"end":{"line":108,"column":5}},"line":106},"8":{"name":"checkValidServiceWorker","decl":{"start":{"line":111,"column":9},"end":{"line":111,"column":32}},"loc":{"start":{"line":111,"column":65},"end":{"line":139,"column":1}},"line":111},"9":{"name":"(anonymous_9)","decl":{"start":{"line":116,"column":10},"end":{"line":116,"column":11}},"loc":{"start":{"line":116,"column":22},"end":{"line":133,"column":5}},"line":116},"10":{"name":"(anonymous_10)","decl":{"start":{"line":124,"column":43},"end":{"line":124,"column":44}},"loc":{"start":{"line":124,"column":59},"end":{"line":128,"column":9}},"line":124},"11":{"name":"(anonymous_11)","decl":{"start":{"line":125,"column":41},"end":{"line":125,"column":42}},"loc":{"start":{"line":125,"column":47},"end":{"line":127,"column":11}},"line":125},"12":{"name":"(anonymous_12)","decl":{"start":{"line":134,"column":11},"end":{"line":134,"column":12}},"loc":{"start":{"line":134,"column":17},"end":{"line":138,"column":5}},"line":134},"13":{"name":"unregister","decl":{"start":{"line":141,"column":16},"end":{"line":141,"column":26}},"loc":{"start":{"line":141,"column":29},"end":{"line":151,"column":1}},"line":141},"14":{"name":"(anonymous_14)","decl":{"start":{"line":144,"column":12},"end":{"line":144,"column":13}},"loc":{"start":{"line":144,"column":28},"end":{"line":146,"column":7}},"line":144},"15":{"name":"(anonymous_15)","decl":{"start":{"line":147,"column":13},"end":{"line":147,"column":14}},"loc":{"start":{"line":147,"column":22},"end":{"line":149,"column":7}},"line":147}},"branchMap":{"0":{"loc":{"start":{"line":16,"column":2},"end":{"line":22,"column":5}},"type":"binary-expr","locations":[{"start":{"line":16,"column":2},"end":{"line":16,"column":42}},{"start":{"line":18,"column":4},"end":{"line":18,"column":40}},{"start":{"line":20,"column":4},"end":{"line":22,"column":5}}],"line":16},"1":{"loc":{"start":{"line":31,"column":2},"end":{"line":64,"column":3}},"type":"if","locations":[{"start":{"line":31,"column":2},"end":{"line":64,"column":3}},{"start":{"line":31,"column":2},"end":{"line":64,"column":3}}],"line":31},"2":{"loc":{"start":{"line":31,"column":6},"end":{"line":31,"column":75}},"type":"binary-expr","locations":[{"start":{"line":31,"column":6},"end":{"line":31,"column":43}},{"start":{"line":31,"column":47},"end":{"line":31,"column":75}}],"line":31},"3":{"loc":{"start":{"line":37,"column":4},"end":{"line":42,"column":5}},"type":"if","locations":[{"start":{"line":37,"column":4},"end":{"line":42,"column":5}},{"start":{"line":37,"column":4},"end":{"line":42,"column":5}}],"line":37},"4":{"loc":{"start":{"line":47,"column":6},"end":{"line":62,"column":7}},"type":"if","locations":[{"start":{"line":47,"column":6},"end":{"line":62,"column":7}},{"start":{"line":47,"column":6},"end":{"line":62,"column":7}}],"line":47},"5":{"loc":{"start":{"line":73,"column":8},"end":{"line":75,"column":9}},"type":"if","locations":[{"start":{"line":73,"column":8},"end":{"line":75,"column":9}},{"start":{"line":73,"column":8},"end":{"line":75,"column":9}}],"line":73},"6":{"loc":{"start":{"line":77,"column":10},"end":{"line":102,"column":11}},"type":"if","locations":[{"start":{"line":77,"column":10},"end":{"line":102,"column":11}},{"start":{"line":77,"column":10},"end":{"line":102,"column":11}}],"line":77},"7":{"loc":{"start":{"line":78,"column":12},"end":{"line":101,"column":13}},"type":"if","locations":[{"start":{"line":78,"column":12},"end":{"line":101,"column":13}},{"start":{"line":78,"column":12},"end":{"line":101,"column":13}}],"line":78},"8":{"loc":{"start":{"line":88,"column":14},"end":{"line":90,"column":15}},"type":"if","locations":[{"start":{"line":88,"column":14},"end":{"line":90,"column":15}},{"start":{"line":88,"column":14},"end":{"line":90,"column":15}}],"line":88},"9":{"loc":{"start":{"line":88,"column":18},"end":{"line":88,"column":43}},"type":"binary-expr","locations":[{"start":{"line":88,"column":18},"end":{"line":88,"column":24}},{"start":{"line":88,"column":28},"end":{"line":88,"column":43}}],"line":88},"10":{"loc":{"start":{"line":98,"column":14},"end":{"line":100,"column":15}},"type":"if","locations":[{"start":{"line":98,"column":14},"end":{"line":100,"column":15}},{"start":{"line":98,"column":14},"end":{"line":100,"column":15}}],"line":98},"11":{"loc":{"start":{"line":98,"column":18},"end":{"line":98,"column":44}},"type":"binary-expr","locations":[{"start":{"line":98,"column":18},"end":{"line":98,"column":24}},{"start":{"line":98,"column":28},"end":{"line":98,"column":44}}],"line":98},"12":{"loc":{"start":{"line":119,"column":6},"end":{"line":132,"column":7}},"type":"if","locations":[{"start":{"line":119,"column":6},"end":{"line":132,"column":7}},{"start":{"line":119,"column":6},"end":{"line":132,"column":7}}],"line":119},"13":{"loc":{"start":{"line":120,"column":8},"end":{"line":121,"column":73}},"type":"binary-expr","locations":[{"start":{"line":120,"column":8},"end":{"line":120,"column":31}},{"start":{"line":121,"column":9},"end":{"line":121,"column":28}},{"start":{"line":121,"column":32},"end":{"line":121,"column":72}}],"line":120},"14":{"loc":{"start":{"line":142,"column":2},"end":{"line":150,"column":3}},"type":"if","locations":[{"start":{"line":142,"column":2},"end":{"line":150,"column":3}},{"start":{"line":142,"column":2},"end":{"line":150,"column":3}}],"line":142}},"s":{"0":0,"1":0,"2":0,"3":0,"4":0,"5":0,"6":0,"7":0,"8":0,"9":0,"10":0,"11":0,"12":0,"13":0,"14":0,"15":0,"16":0,"17":0,"18":0,"19":0,"20":0,"21":0,"22":0,"23":0,"24":0,"25":0,"26":0,"27":0,"28":0,"29":0,"30":0,"31":0,"32":0,"33":0,"34":0,"35":0,"36":0,"37":0,"38":0},"f":{"0":0,"1":0,"2":0,"3":0,"4":0,"5":0,"6":0,"7":0,"8":0,"9":0,"10":0,"11":0,"12":0,"13":0,"14":0,"15":0},"b":{"0":[0,0,0],"1":[0,0],"2":[0,0],"3":[0,0],"4":[0,0],"5":[0,0],"6":[0,0],"7":[0,0],"8":[0,0],"9":[0,0],"10":[0,0],"11":[0,0],"12":[0,0],"13":[0,0,0],"14":[0,0]},"hash":"a1162e114338a373566ede678ce2f6982ff61478"}
,"/Users/sujin/Development/Sujin/Sujin/src/components/common/Link.tsx": {"path":"/Users/sujin/Development/Sujin/Sujin/src/components/common/Link.tsx","statementMap":{"0":{"start":{"line":20,"column":20},"end":{"line":44,"column":1}},"1":{"start":{"line":28,"column":6},"end":{"line":28,"column":11}},"2":{"start":{"line":30,"column":13},"end":{"line":30,"column":48}},"3":{"start":{"line":32,"column":2},"end":{"line":43,"column":4}}},"fnMap":{"0":{"name":"(anonymous_0)","decl":{"start":{"line":20,"column":20},"end":{"line":20,"column":21}},"loc":{"start":{"line":20,"column":51},"end":{"line":44,"column":1}},"line":20}},"branchMap":{},"s":{"0":2,"1":0,"2":0,"3":0},"f":{"0":0},"b":{},"_coverageSchema":"43e27e138ebf9cfc5966b082cf9a028302ed4184","hash":"a12d085932d00a9035b86429e6952ca8a64fde08"}
,"/Users/sujin/Development/Sujin/Sujin/src/components/common/Loading.tsx": {"path":"/Users/sujin/Development/Sujin/Sujin/src/components/common/Loading.tsx","statementMap":{"0":{"start":{"line":10,"column":23},"end":{"line":16,"column":1}},"1":{"start":{"line":11,"column":2},"end":{"line":15,"column":4}}},"fnMap":{"0":{"name":"(anonymous_0)","decl":{"start":{"line":10,"column":23},"end":{"line":10,"column":24}},"loc":{"start":{"line":10,"column":42},"end":{"line":16,"column":1}},"line":10}},"branchMap":{},"s":{"0":0,"1":0},"f":{"0":0},"b":{},"hash":"42af1db5f80ff89098a11ea4ac55b45f3235dcbb"}
,"/Users/sujin/Development/Sujin/Sujin/src/components/common/Paging.tsx": {"path":"/Users/sujin/Development/Sujin/Sujin/src/components/common/Paging.tsx","statementMap":{"0":{"start":{"line":15,"column":22},"end":{"line":75,"column":1}},"1":{"start":{"line":20,"column":6},"end":{"line":20,"column":11}},"2":{"start":{"line":22,"column":17},"end":{"line":22,"column":19}},"3":{"start":{"line":24,"column":2},"end":{"line":44,"column":3}},"4":{"start":{"line":25,"column":18},"end":{"line":25,"column":81}},"5":{"start":{"line":26,"column":16},"end":{"line":28,"column":16}},"6":{"start":{"line":30,"column":4},"end":{"line":33,"column":5}},"7":{"start":{"line":31,"column":6},"end":{"line":31,"column":23}},"8":{"start":{"line":32,"column":6},"end":{"line":32,"column":24}},"9":{"start":{"line":35,"column":4},"end":{"line":38,"column":6}},"10":{"start":{"line":37,"column":62},"end":{"line":37,"column":71}},"11":{"start":{"line":40,"column":4},"end":{"line":43,"column":5}},"12":{"start":{"line":41,"column":6},"end":{"line":41,"column":24}},"13":{"start":{"line":42,"column":6},"end":{"line":42,"column":32}},"14":{"start":{"line":46,"column":2},"end":{"line":74,"column":4}},"15":{"start":{"line":49,"column":20},"end":{"line":49,"column":49}},"16":{"start":{"line":50,"column":26},"end":{"line":50,"column":62}},"17":{"start":{"line":51,"column":8},"end":{"line":71,"column":10}}},"fnMap":{"0":{"name":"(anonymous_0)","decl":{"start":{"line":15,"column":22},"end":{"line":15,"column":23}},"loc":{"start":{"line":15,"column":53},"end":{"line":75,"column":1}},"line":15},"1":{"name":"(anonymous_1)","decl":{"start":{"line":37,"column":55},"end":{"line":37,"column":56}},"loc":{"start":{"line":37,"column":62},"end":{"line":37,"column":71}},"line":37},"2":{"name":"(anonymous_2)","decl":{"start":{"line":48,"column":20},"end":{"line":48,"column":21}},"loc":{"start":{"line":48,"column":32},"end":{"line":72,"column":7}},"line":48}},"branchMap":{"0":{"loc":{"start":{"line":17,"column":4},"end":{"line":17,"column":18}},"type":"default-arg","locations":[{"start":{"line":17,"column":17},"end":{"line":17,"column":18}}],"line":17},"1":{"loc":{"start":{"line":24,"column":2},"end":{"line":44,"column":3}},"type":"if","locations":[{"start":{"line":24,"column":2},"end":{"line":44,"column":3}},{"start":{"line":24,"column":2},"end":{"line":44,"column":3}}],"line":24},"2":{"loc":{"start":{"line":25,"column":18},"end":{"line":25,"column":81}},"type":"cond-expr","locations":[{"start":{"line":25,"column":52},"end":{"line":25,"column":77}},{"start":{"line":25,"column":80},"end":{"line":25,"column":81}}],"line":25},"3":{"loc":{"start":{"line":26,"column":16},"end":{"line":28,"column":16}},"type":"cond-expr","locations":[{"start":{"line":27,"column":6},"end":{"line":27,"column":31}},{"start":{"line":28,"column":6},"end":{"line":28,"column":16}}],"line":26},"4":{"loc":{"start":{"line":30,"column":4},"end":{"line":33,"column":5}},"type":"if","locations":[{"start":{"line":30,"column":4},"end":{"line":33,"column":5}},{"start":{"line":30,"column":4},"end":{"line":33,"column":5}}],"line":30},"5":{"loc":{"start":{"line":40,"column":4},"end":{"line":43,"column":5}},"type":"if","locations":[{"start":{"line":40,"column":4},"end":{"line":43,"column":5}},{"start":{"line":40,"column":4},"end":{"line":43,"column":5}}],"line":40},"6":{"loc":{"start":{"line":53,"column":13},"end":{"line":55,"column":13}},"type":"binary-expr","locations":[{"start":{"line":53,"column":13},"end":{"line":53,"column":22}},{"start":{"line":54,"column":14},"end":{"line":54,"column":54}}],"line":53},"7":{"loc":{"start":{"line":57,"column":13},"end":{"line":61,"column":13}},"type":"binary-expr","locations":[{"start":{"line":57,"column":13},"end":{"line":57,"column":26}},{"start":{"line":57,"column":30},"end":{"line":57,"column":40}},{"start":{"line":58,"column":14},"end":{"line":60,"column":21}}],"line":57},"8":{"loc":{"start":{"line":63,"column":13},"end":{"line":69,"column":13}},"type":"binary-expr","locations":[{"start":{"line":63,"column":13},"end":{"line":63,"column":26}},{"start":{"line":64,"column":14},"end":{"line":68,"column":20}}],"line":63}},"s":{"0":0,"1":0,"2":0,"3":0,"4":0,"5":0,"6":0,"7":0,"8":0,"9":0,"10":0,"11":0,"12":0,"13":0,"14":0,"15":0,"16":0,"17":0},"f":{"0":0,"1":0,"2":0},"b":{"0":[0],"1":[0,0],"2":[0,0],"3":[0,0],"4":[0,0],"5":[0,0],"6":[0,0],"7":[0,0,0],"8":[0,0]},"hash":"05bd994cfad87bc26aecd6c49707b10506b45553"}
,"/Users/sujin/Development/Sujin/Sujin/src/components/common/SimplePost.tsx": {"path":"/Users/sujin/Development/Sujin/Sujin/src/components/common/SimplePost.tsx","statementMap":{"0":{"start":{"line":25,"column":26},"end":{"line":88,"column":1}},"1":{"start":{"line":38,"column":6},"end":{"line":38,"column":11}},"2":{"start":{"line":41,"column":4},"end":{"line":48,"column":5}},"3":{"start":{"line":50,"column":2},"end":{"line":87,"column":4}}},"fnMap":{"0":{"name":"(anonymous_0)","decl":{"start":{"line":25,"column":26},"end":{"line":25,"column":27}},"loc":{"start":{"line":25,"column":57},"end":{"line":88,"column":1}},"line":25}},"branchMap":{"0":{"loc":{"start":{"line":37,"column":4},"end":{"line":37,"column":21}},"type":"default-arg","locations":[{"start":{"line":37,"column":19},"end":{"line":37,"column":21}}],"line":37},"1":{"loc":{"start":{"line":44,"column":6},"end":{"line":44,"column":38}},"type":"binary-expr","locations":[{"start":{"line":44,"column":6},"end":{"line":44,"column":26}},{"start":{"line":44,"column":30},"end":{"line":44,"column":38}}],"line":44},"2":{"loc":{"start":{"line":45,"column":6},"end":{"line":45,"column":36}},"type":"binary-expr","locations":[{"start":{"line":45,"column":6},"end":{"line":45,"column":25}},{"start":{"line":45,"column":29},"end":{"line":45,"column":36}}],"line":45}},"s":{"0":0,"1":0,"2":0,"3":0},"f":{"0":0},"b":{"0":[0],"1":[0,0],"2":[0,0]},"hash":"0f9adc5f0a6994528bae213e566e2e57508f7bce"}
,"/Users/sujin/Development/Sujin/Sujin/src/components/common/Tags.tsx": {"path":"/Users/sujin/Development/Sujin/Sujin/src/components/common/Tags.tsx","statementMap":{"0":{"start":{"line":10,"column":20},"end":{"line":23,"column":1}},"1":{"start":{"line":11,"column":15},"end":{"line":11,"column":31}},"2":{"start":{"line":12,"column":2},"end":{"line":22,"column":4}},"3":{"start":{"line":15,"column":8},"end":{"line":19,"column":13}}},"fnMap":{"0":{"name":"(anonymous_0)","decl":{"start":{"line":10,"column":20},"end":{"line":10,"column":21}},"loc":{"start":{"line":10,"column":44},"end":{"line":23,"column":1}},"line":10},"1":{"name":"(anonymous_1)","decl":{"start":{"line":14,"column":29},"end":{"line":14,"column":30}},"loc":{"start":{"line":15,"column":8},"end":{"line":19,"column":13}},"line":15}},"branchMap":{"0":{"loc":{"start":{"line":11,"column":15},"end":{"line":11,"column":31}},"type":"binary-expr","locations":[{"start":{"line":11,"column":15},"end":{"line":11,"column":25}},{"start":{"line":11,"column":29},"end":{"line":11,"column":31}}],"line":11}},"s":{"0":0,"1":0,"2":0,"3":0},"f":{"0":0,"1":0},"b":{"0":[0,0]},"hash":"266b0630cc605fd6bbfe22ba40551f6a3e0e547e"}
,"/Users/sujin/Development/Sujin/Sujin/src/components/dev-tools/CaseTool.tsx": {"path":"/Users/sujin/Development/Sujin/Sujin/src/components/dev-tools/CaseTool.tsx","statementMap":{"0":{"start":{"line":21,"column":24},"end":{"line":127,"column":1}},"1":{"start":{"line":22,"column":36},"end":{"line":22,"column":48}},"2":{"start":{"line":23,"column":21},"end":{"line":23,"column":33}},"3":{"start":{"line":25,"column":16},"end":{"line":30,"column":3}},"4":{"start":{"line":26,"column":4},"end":{"line":26,"column":27}},"5":{"start":{"line":27,"column":4},"end":{"line":27,"column":21}},"6":{"start":{"line":28,"column":4},"end":{"line":28,"column":34}},"7":{"start":{"line":29,"column":4},"end":{"line":29,"column":31}},"8":{"start":{"line":32,"column":17},"end":{"line":34,"column":3}},"9":{"start":{"line":33,"column":4},"end":{"line":33,"column":51}},"10":{"start":{"line":36,"column":2},"end":{"line":126,"column":4}}},"fnMap":{"0":{"name":"(anonymous_0)","decl":{"start":{"line":21,"column":24},"end":{"line":21,"column":25}},"loc":{"start":{"line":21,"column":43},"end":{"line":127,"column":1}},"line":21},"1":{"name":"(anonymous_1)","decl":{"start":{"line":25,"column":16},"end":{"line":25,"column":17}},"loc":{"start":{"line":25,"column":27},"end":{"line":30,"column":3}},"line":25},"2":{"name":"(anonymous_2)","decl":{"start":{"line":32,"column":17},"end":{"line":32,"column":18}},"loc":{"start":{"line":32,"column":28},"end":{"line":34,"column":3}},"line":32}},"branchMap":{"0":{"loc":{"start":{"line":81,"column":9},"end":{"line":123,"column":9}},"type":"binary-expr","locations":[{"start":{"line":81,"column":9},"end":{"line":81,"column":29}},{"start":{"line":82,"column":10},"end":{"line":122,"column":15}}],"line":81}},"s":{"0":1,"1":0,"2":0,"3":0,"4":0,"5":0,"6":0,"7":0,"8":0,"9":0,"10":0},"f":{"0":0,"1":0,"2":0},"b":{"0":[0,0]},"_coverageSchema":"43e27e138ebf9cfc5966b082cf9a028302ed4184","hash":"e55bcef6b2651c0aa099b9328f6518465d73b004"}
,"/Users/sujin/Development/Sujin/Sujin/src/components/dev-tools/SymbolAlignment.tsx": {"path":"/Users/sujin/Development/Sujin/Sujin/src/components/dev-tools/SymbolAlignment.tsx","statementMap":{"0":{"start":{"line":11,"column":31},"end":{"line":65,"column":1}},"1":{"start":{"line":12,"column":30},"end":{"line":12,"column":43}},"2":{"start":{"line":13,"column":26},"end":{"line":13,"column":38}},"3":{"start":{"line":14,"column":24},"end":{"line":14,"column":77}},"4":{"start":{"line":16,"column":27},"end":{"line":18,"column":3}},"5":{"start":{"line":17,"column":4},"end":{"line":17,"column":32}},"6":{"start":{"line":20,"column":29},"end":{"line":22,"column":3}},"7":{"start":{"line":21,"column":4},"end":{"line":21,"column":34}},"8":{"start":{"line":24,"column":2},"end":{"line":64,"column":4}}},"fnMap":{"0":{"name":"(anonymous_0)","decl":{"start":{"line":11,"column":31},"end":{"line":11,"column":32}},"loc":{"start":{"line":11,"column":50},"end":{"line":65,"column":1}},"line":11},"1":{"name":"(anonymous_1)","decl":{"start":{"line":16,"column":27},"end":{"line":16,"column":28}},"loc":{"start":{"line":16,"column":45},"end":{"line":18,"column":3}},"line":16},"2":{"name":"(anonymous_2)","decl":{"start":{"line":20,"column":29},"end":{"line":20,"column":30}},"loc":{"start":{"line":20,"column":47},"end":{"line":22,"column":3}},"line":20}},"branchMap":{"0":{"loc":{"start":{"line":14,"column":24},"end":{"line":14,"column":77}},"type":"cond-expr","locations":[{"start":{"line":14,"column":31},"end":{"line":14,"column":60}},{"start":{"line":14,"column":64},"end":{"line":14,"column":76}}],"line":14}},"s":{"0":1,"1":0,"2":0,"3":0,"4":0,"5":0,"6":0,"7":0,"8":0},"f":{"0":0,"1":0,"2":0},"b":{"0":[0,0]},"_coverageSchema":"43e27e138ebf9cfc5966b082cf9a028302ed4184","hash":"c11a52b7cd8c6acf2357d6ef24682296bed046c4"}
,"/Users/sujin/Development/Sujin/Sujin/src/components/dev-tools/TextSort.tsx": {"path":"/Users/sujin/Development/Sujin/Sujin/src/components/dev-tools/TextSort.tsx","statementMap":{"0":{"start":{"line":11,"column":24},"end":{"line":64,"column":1}},"1":{"start":{"line":12,"column":26},"end":{"line":12,"column":38}},"2":{"start":{"line":13,"column":32},"end":{"line":13,"column":47}},"3":{"start":{"line":14,"column":24},"end":{"line":14,"column":71}},"4":{"start":{"line":16,"column":27},"end":{"line":18,"column":3}},"5":{"start":{"line":17,"column":4},"end":{"line":17,"column":32}},"6":{"start":{"line":20,"column":30},"end":{"line":22,"column":3}},"7":{"start":{"line":21,"column":4},"end":{"line":21,"column":37}},"8":{"start":{"line":24,"column":2},"end":{"line":63,"column":4}}},"fnMap":{"0":{"name":"(anonymous_0)","decl":{"start":{"line":11,"column":24},"end":{"line":11,"column":25}},"loc":{"start":{"line":11,"column":43},"end":{"line":64,"column":1}},"line":11},"1":{"name":"(anonymous_1)","decl":{"start":{"line":16,"column":27},"end":{"line":16,"column":28}},"loc":{"start":{"line":16,"column":45},"end":{"line":18,"column":3}},"line":16},"2":{"name":"(anonymous_2)","decl":{"start":{"line":20,"column":30},"end":{"line":20,"column":31}},"loc":{"start":{"line":20,"column":48},"end":{"line":22,"column":3}},"line":20}},"branchMap":{"0":{"loc":{"start":{"line":14,"column":24},"end":{"line":14,"column":71}},"type":"cond-expr","locations":[{"start":{"line":14,"column":31},"end":{"line":14,"column":54}},{"start":{"line":14,"column":58},"end":{"line":14,"column":70}}],"line":14}},"s":{"0":1,"1":0,"2":0,"3":0,"4":0,"5":0,"6":0,"7":0,"8":0},"f":{"0":0,"1":0,"2":0},"b":{"0":[0,0]},"_coverageSchema":"43e27e138ebf9cfc5966b082cf9a028302ed4184","hash":"5ef24a98e692782c27a71337b829be1a92b1d136"}
,"/Users/sujin/Development/Sujin/Sujin/src/components/layout/Menu.tsx": {"path":"/Users/sujin/Development/Sujin/Sujin/src/components/layout/Menu.tsx","statementMap":{"0":{"start":{"line":17,"column":20},"end":{"line":47,"column":1}},"1":{"start":{"line":18,"column":30},"end":{"line":18,"column":35}},"2":{"start":{"line":19,"column":15},"end":{"line":19,"column":28}},"3":{"start":{"line":21,"column":2},"end":{"line":25,"column":3}},"4":{"start":{"line":22,"column":4},"end":{"line":24,"column":6}},"5":{"start":{"line":27,"column":2},"end":{"line":46,"column":4}},"6":{"start":{"line":30,"column":8},"end":{"line":43,"column":14}},"7":{"start":{"line":36,"column":16},"end":{"line":39,"column":18}}},"fnMap":{"0":{"name":"(anonymous_0)","decl":{"start":{"line":17,"column":20},"end":{"line":17,"column":21}},"loc":{"start":{"line":17,"column":51},"end":{"line":47,"column":1}},"line":17},"1":{"name":"(anonymous_1)","decl":{"start":{"line":29,"column":16},"end":{"line":29,"column":17}},"loc":{"start":{"line":30,"column":8},"end":{"line":43,"column":14}},"line":30},"2":{"name":"(anonymous_2)","decl":{"start":{"line":35,"column":37},"end":{"line":35,"column":38}},"loc":{"start":{"line":36,"column":16},"end":{"line":39,"column":18}},"line":36}},"branchMap":{"0":{"loc":{"start":{"line":21,"column":2},"end":{"line":25,"column":3}},"type":"if","locations":[{"start":{"line":21,"column":2},"end":{"line":25,"column":3}},{"start":{"line":21,"column":2},"end":{"line":25,"column":3}}],"line":21},"1":{"loc":{"start":{"line":33,"column":11},"end":{"line":42,"column":11}},"type":"binary-expr","locations":[{"start":{"line":33,"column":11},"end":{"line":33,"column":39}},{"start":{"line":34,"column":12},"end":{"line":41,"column":18}}],"line":33}},"s":{"0":1,"1":3,"2":3,"3":3,"4":2,"5":1,"6":4,"7":1},"f":{"0":3,"1":4,"2":1},"b":{"0":[2,1],"1":[4,1]},"_coverageSchema":"43e27e138ebf9cfc5966b082cf9a028302ed4184","hash":"e90883194738467af899975fdab1f81789947066"}
,"/Users/sujin/Development/Sujin/Sujin/src/components/layout/MenuItem.tsx": {"path":"/Users/sujin/Development/Sujin/Sujin/src/components/layout/MenuItem.tsx","statementMap":{"0":{"start":{"line":15,"column":24},"end":{"line":49,"column":1}},"1":{"start":{"line":23,"column":6},"end":{"line":23,"column":11}},"2":{"start":{"line":25,"column":2},"end":{"line":48,"column":4}}},"fnMap":{"0":{"name":"(anonymous_0)","decl":{"start":{"line":15,"column":24},"end":{"line":15,"column":25}},"loc":{"start":{"line":15,"column":55},"end":{"line":49,"column":1}},"line":15}},"branchMap":{"0":{"loc":{"start":{"line":27,"column":7},"end":{"line":36,"column":7}},"type":"binary-expr","locations":[{"start":{"line":27,"column":7},"end":{"line":27,"column":13}},{"start":{"line":28,"column":8},"end":{"line":35,"column":12}}],"line":27},"1":{"loc":{"start":{"line":30,"column":16},"end":{"line":30,"column":26}},"type":"binary-expr","locations":[{"start":{"line":30,"column":16},"end":{"line":30,"column":19}},{"start":{"line":30,"column":23},"end":{"line":30,"column":26}}],"line":30},"2":{"loc":{"start":{"line":38,"column":7},"end":{"line":46,"column":7}},"type":"binary-expr","locations":[{"start":{"line":38,"column":7},"end":{"line":38,"column":14}},{"start":{"line":39,"column":8},"end":{"line":45,"column":15}}],"line":38},"3":{"loc":{"start":{"line":41,"column":14},"end":{"line":41,"column":24}},"type":"binary-expr","locations":[{"start":{"line":41,"column":14},"end":{"line":41,"column":17}},{"start":{"line":41,"column":21},"end":{"line":41,"column":24}}],"line":41}},"s":{"0":1,"1":5,"2":5},"f":{"0":5},"b":{"0":[5,5],"1":[5,1],"2":[5,0],"3":[0,0]},"_coverageSchema":"43e27e138ebf9cfc5966b082cf9a028302ed4184","hash":"0f21dfa9b984581814433545b716f5ce862035e4"}
,"/Users/sujin/Development/Sujin/Sujin/src/components/layout/Search.tsx": {"path":"/Users/sujin/Development/Sujin/Sujin/src/components/layout/Search.tsx","statementMap":{"0":{"start":{"line":6,"column":4},"end":{"line":6,"column":17}},"1":{"start":{"line":8,"column":4},"end":{"line":11,"column":6}},"2":{"start":{"line":13,"column":4},"end":{"line":13,"column":65}},"3":{"start":{"line":14,"column":4},"end":{"line":14,"column":67}},"4":{"start":{"line":15,"column":4},"end":{"line":15,"column":65}},"5":{"start":{"line":19,"column":4},"end":{"line":19,"column":56}},"6":{"start":{"line":23,"column":4},"end":{"line":25,"column":5}},"7":{"start":{"line":24,"column":6},"end":{"line":24,"column":33}},"8":{"start":{"line":29,"column":43},"end":{"line":29,"column":53}},"9":{"start":{"line":31,"column":4},"end":{"line":44,"column":5}},"10":{"start":{"line":32,"column":6},"end":{"line":34,"column":9}},"11":{"start":{"line":36,"column":6},"end":{"line":36,"column":78}},"12":{"start":{"line":36,"column":23},"end":{"line":36,"column":71}},"13":{"start":{"line":37,"column":11},"end":{"line":44,"column":5}},"14":{"start":{"line":38,"column":17},"end":{"line":38,"column":42}},"15":{"start":{"line":39,"column":22},"end":{"line":39,"column":34}},"16":{"start":{"line":40,"column":6},"end":{"line":40,"column":23}},"17":{"start":{"line":41,"column":6},"end":{"line":43,"column":9}},"18":{"start":{"line":46,"column":4},"end":{"line":46,"column":23}},"19":{"start":{"line":50,"column":43},"end":{"line":50,"column":53}},"20":{"start":{"line":51,"column":25},"end":{"line":51,"column":51}},"21":{"start":{"line":53,"column":4},"end":{"line":69,"column":6}}},"fnMap":{"0":{"name":"(anonymous_0)","decl":{"start":{"line":5,"column":2},"end":{"line":5,"column":3}},"loc":{"start":{"line":5,"column":21},"end":{"line":16,"column":3}},"line":5},"1":{"name":"(anonymous_1)","decl":{"start":{"line":18,"column":2},"end":{"line":18,"column":3}},"loc":{"start":{"line":18,"column":34},"end":{"line":20,"column":3}},"line":18},"2":{"name":"(anonymous_2)","decl":{"start":{"line":22,"column":2},"end":{"line":22,"column":3}},"loc":{"start":{"line":22,"column":31},"end":{"line":26,"column":3}},"line":22},"3":{"name":"(anonymous_3)","decl":{"start":{"line":28,"column":2},"end":{"line":28,"column":3}},"loc":{"start":{"line":28,"column":30},"end":{"line":47,"column":3}},"line":28},"4":{"name":"(anonymous_4)","decl":{"start":{"line":36,"column":17},"end":{"line":36,"column":18}},"loc":{"start":{"line":36,"column":23},"end":{"line":36,"column":71}},"line":36},"5":{"name":"(anonymous_5)","decl":{"start":{"line":49,"column":2},"end":{"line":49,"column":3}},"loc":{"start":{"line":49,"column":24},"end":{"line":70,"column":3}},"line":49}},"branchMap":{"0":{"loc":{"start":{"line":23,"column":4},"end":{"line":25,"column":5}},"type":"if","locations":[{"start":{"line":23,"column":4},"end":{"line":25,"column":5}},{"start":{"line":23,"column":4},"end":{"line":25,"column":5}}],"line":23},"1":{"loc":{"start":{"line":31,"column":4},"end":{"line":44,"column":5}},"type":"if","locations":[{"start":{"line":31,"column":4},"end":{"line":44,"column":5}},{"start":{"line":31,"column":4},"end":{"line":44,"column":5}}],"line":31},"2":{"loc":{"start":{"line":31,"column":8},"end":{"line":31,"column":38}},"type":"binary-expr","locations":[{"start":{"line":31,"column":8},"end":{"line":31,"column":21}},{"start":{"line":31,"column":25},"end":{"line":31,"column":38}}],"line":31},"3":{"loc":{"start":{"line":37,"column":11},"end":{"line":44,"column":5}},"type":"if","locations":[{"start":{"line":37,"column":11},"end":{"line":44,"column":5}},{"start":{"line":37,"column":11},"end":{"line":44,"column":5}}],"line":37},"4":{"loc":{"start":{"line":51,"column":25},"end":{"line":51,"column":51}},"type":"cond-expr","locations":[{"start":{"line":51,"column":40},"end":{"line":51,"column":46}},{"start":{"line":51,"column":49},"end":{"line":51,"column":51}}],"line":51}},"s":{"0":0,"1":0,"2":0,"3":0,"4":0,"5":0,"6":0,"7":0,"8":0,"9":0,"10":0,"11":0,"12":0,"13":0,"14":0,"15":0,"16":0,"17":0,"18":0,"19":0,"20":0,"21":0},"f":{"0":0,"1":0,"2":0,"3":0,"4":0,"5":0},"b":{"0":[0,0],"1":[0,0],"2":[0,0],"3":[0,0],"4":[0,0]},"hash":"9fe4f839d2b9a6a142b9b88b14f3af68dfb89cc3"}
,"/Users/sujin/Development/Sujin/Sujin/src/components/layout/GlobalFooter/FooterBottom.tsx": {"path":"/Users/sujin/Development/Sujin/Sujin/src/components/layout/GlobalFooter/FooterBottom.tsx","statementMap":{"0":{"start":{"line":11,"column":28},"end":{"line":25,"column":1}},"1":{"start":{"line":12,"column":2},"end":{"line":24,"column":4}}},"fnMap":{"0":{"name":"(anonymous_0)","decl":{"start":{"line":11,"column":28},"end":{"line":11,"column":29}},"loc":{"start":{"line":11,"column":47},"end":{"line":25,"column":1}},"line":11}},"branchMap":{},"s":{"0":0,"1":0},"f":{"0":0},"b":{},"hash":"d7f7ddcb807393e6500d8d63c5828f279ec23bd3"}
,"/Users/sujin/Development/Sujin/Sujin/src/components/layout/GlobalFooter/index.tsx": {"path":"/Users/sujin/Development/Sujin/Sujin/src/components/layout/GlobalFooter/index.tsx","statementMap":{"0":{"start":{"line":11,"column":28},"end":{"line":22,"column":1}},"1":{"start":{"line":12,"column":2},"end":{"line":21,"column":4}}},"fnMap":{"0":{"name":"(anonymous_0)","decl":{"start":{"line":11,"column":28},"end":{"line":11,"column":29}},"loc":{"start":{"line":11,"column":47},"end":{"line":22,"column":1}},"line":11}},"branchMap":{},"s":{"0":0,"1":0},"f":{"0":0},"b":{},"hash":"c9265df32f15512e9414c2cb20871127f1ed9fd6"}
,"/Users/sujin/Development/Sujin/Sujin/src/components/layout/GlobalHeader/FixedHeader.tsx": {"path":"/Users/sujin/Development/Sujin/Sujin/src/components/layout/GlobalHeader/FixedHeader.tsx","statementMap":{"0":{"start":{"line":16,"column":27},"end":{"line":70,"column":1}},"1":{"start":{"line":21,"column":6},"end":{"line":21,"column":16}},"2":{"start":{"line":22,"column":38},"end":{"line":22,"column":57}},"3":{"start":{"line":24,"column":2},"end":{"line":69,"column":4}},"4":{"start":{"line":41,"column":29},"end":{"line":41,"column":97}}},"fnMap":{"0":{"name":"(anonymous_0)","decl":{"start":{"line":16,"column":27},"end":{"line":16,"column":28}},"loc":{"start":{"line":16,"column":46},"end":{"line":70,"column":1}},"line":16},"1":{"name":"(anonymous_1)","decl":{"start":{"line":41,"column":23},"end":{"line":41,"column":24}},"loc":{"start":{"line":41,"column":29},"end":{"line":41,"column":97}},"line":41}},"branchMap":{},"s":{"0":0,"1":0,"2":0,"3":0,"4":0},"f":{"0":0,"1":0},"b":{},"hash":"89dca15609b577944207e6166c51a11fe29df164"}
,"/Users/sujin/Development/Sujin/Sujin/src/components/layout/GlobalHeader/TopHeader.tsx": {"path":"/Users/sujin/Development/Sujin/Sujin/src/components/layout/GlobalHeader/TopHeader.tsx","statementMap":{"0":{"start":{"line":12,"column":25},"end":{"line":81,"column":1}},"1":{"start":{"line":24,"column":7},"end":{"line":24,"column":26}},"2":{"start":{"line":26,"column":2},"end":{"line":43,"column":3}},"3":{"start":{"line":27,"column":4},"end":{"line":42,"column":6}},"4":{"start":{"line":45,"column":16},"end":{"line":52,"column":3}},"5":{"start":{"line":54,"column":2},"end":{"line":80,"column":4}}},"fnMap":{"0":{"name":"(anonymous_0)","decl":{"start":{"line":12,"column":25},"end":{"line":12,"column":26}},"loc":{"start":{"line":12,"column":44},"end":{"line":81,"column":1}},"line":12}},"branchMap":{"0":{"loc":{"start":{"line":26,"column":2},"end":{"line":43,"column":3}},"type":"if","locations":[{"start":{"line":26,"column":2},"end":{"line":43,"column":3}},{"start":{"line":26,"column":2},"end":{"line":43,"column":3}}],"line":26},"1":{"loc":{"start":{"line":47,"column":6},"end":{"line":49,"column":28}},"type":"cond-expr","locations":[{"start":{"line":48,"column":8},"end":{"line":48,"column":12}},{"start":{"line":49,"column":8},"end":{"line":49,"column":28}}],"line":47},"2":{"loc":{"start":{"line":47,"column":6},"end":{"line":47,"column":71}},"type":"binary-expr","locations":[{"start":{"line":47,"column":6},"end":{"line":47,"column":36}},{"start":{"line":47,"column":40},"end":{"line":47,"column":71}}],"line":47},"3":{"loc":{"start":{"line":50,"column":20},"end":{"line":50,"column":60}},"type":"cond-expr","locations":[{"start":{"line":50,"column":41},"end":{"line":50,"column":50}},{"start":{"line":50,"column":53},"end":{"line":50,"column":60}}],"line":50},"4":{"loc":{"start":{"line":51,"column":21},"end":{"line":51,"column":44}},"type":"binary-expr","locations":[{"start":{"line":51,"column":21},"end":{"line":51,"column":36}},{"start":{"line":51,"column":40},"end":{"line":51,"column":44}}],"line":51},"5":{"loc":{"start":{"line":61,"column":17},"end":{"line":61,"column":50}},"type":"binary-expr","locations":[{"start":{"line":61,"column":17},"end":{"line":61,"column":23}},{"start":{"line":61,"column":28},"end":{"line":61,"column":49}}],"line":61},"6":{"loc":{"start":{"line":78,"column":7},"end":{"line":78,"column":85}},"type":"binary-expr","locations":[{"start":{"line":78,"column":7},"end":{"line":78,"column":11}},{"start":{"line":78,"column":16},"end":{"line":78,"column":84}}],"line":78}},"s":{"0":0,"1":0,"2":0,"3":0,"4":0,"5":0},"f":{"0":0},"b":{"0":[0,0],"1":[0,0],"2":[0,0],"3":[0,0],"4":[0,0],"5":[0,0],"6":[0,0]},"hash":"610e56ef3fef20a61ecb0b12f68366e1d6e2d1fe"}
,"/Users/sujin/Development/Sujin/Sujin/src/components/single/Carousel.ts": {"path":"/Users/sujin/Development/Sujin/Sujin/src/components/single/Carousel.ts","statementMap":{"0":{"start":{"line":12,"column":16},"end":{"line":12,"column":58}},"1":{"start":{"line":13,"column":4},"end":{"line":13,"column":69}},"2":{"start":{"line":16,"column":4},"end":{"line":16,"column":118}},"3":{"start":{"line":19,"column":4},"end":{"line":19,"column":102}},"4":{"start":{"line":20,"column":4},"end":{"line":20,"column":102}},"5":{"start":{"line":22,"column":4},"end":{"line":22,"column":106}},"6":{"start":{"line":24,"column":4},"end":{"line":24,"column":22}},"7":{"start":{"line":28,"column":4},"end":{"line":33,"column":7}},"8":{"start":{"line":29,"column":6},"end":{"line":32,"column":9}},"9":{"start":{"line":30,"column":24},"end":{"line":30,"column":52}},"10":{"start":{"line":31,"column":8},"end":{"line":31,"column":38}},"11":{"start":{"line":35,"column":4},"end":{"line":42,"column":7}},"12":{"start":{"line":36,"column":6},"end":{"line":36,"column":25}},"13":{"start":{"line":37,"column":17},"end":{"line":37,"column":62}},"14":{"start":{"line":38,"column":6},"end":{"line":40,"column":7}},"15":{"start":{"line":39,"column":8},"end":{"line":39,"column":55}},"16":{"start":{"line":41,"column":6},"end":{"line":41,"column":53}},"17":{"start":{"line":44,"column":4},"end":{"line":51,"column":7}},"18":{"start":{"line":45,"column":6},"end":{"line":45,"column":25}},"19":{"start":{"line":46,"column":17},"end":{"line":46,"column":58}},"20":{"start":{"line":47,"column":6},"end":{"line":49,"column":7}},"21":{"start":{"line":48,"column":8},"end":{"line":48,"column":32}},"22":{"start":{"line":50,"column":6},"end":{"line":50,"column":53}},"23":{"start":{"line":55,"column":19},"end":{"line":57,"column":5}},"24":{"start":{"line":56,"column":37},"end":{"line":56,"column":92}},"25":{"start":{"line":58,"column":4},"end":{"line":58,"column":44}},"26":{"start":{"line":62,"column":4},"end":{"line":64,"column":7}},"27":{"start":{"line":63,"column":6},"end":{"line":63,"column":60}},"28":{"start":{"line":66,"column":4},"end":{"line":66,"column":53}},"29":{"start":{"line":67,"column":4},"end":{"line":67,"column":86}},"30":{"start":{"line":69,"column":22},"end":{"line":69,"column":66}},"31":{"start":{"line":70,"column":4},"end":{"line":70,"column":70}}},"fnMap":{"0":{"name":"(anonymous_0)","decl":{"start":{"line":10,"column":2},"end":{"line":10,"column":3}},"loc":{"start":{"line":10,"column":43},"end":{"line":25,"column":3}},"line":10},"1":{"name":"(anonymous_1)","decl":{"start":{"line":27,"column":2},"end":{"line":27,"column":3}},"loc":{"start":{"line":27,"column":29},"end":{"line":52,"column":3}},"line":27},"2":{"name":"(anonymous_2)","decl":{"start":{"line":28,"column":38},"end":{"line":28,"column":39}},"loc":{"start":{"line":28,"column":69},"end":{"line":33,"column":5}},"line":28},"3":{"name":"(anonymous_3)","decl":{"start":{"line":29,"column":40},"end":{"line":29,"column":41}},"loc":{"start":{"line":29,"column":65},"end":{"line":32,"column":7}},"line":29},"4":{"name":"(anonymous_4)","decl":{"start":{"line":35,"column":40},"end":{"line":35,"column":41}},"loc":{"start":{"line":35,"column":65},"end":{"line":42,"column":5}},"line":35},"5":{"name":"(anonymous_5)","decl":{"start":{"line":44,"column":40},"end":{"line":44,"column":41}},"loc":{"start":{"line":44,"column":65},"end":{"line":51,"column":5}},"line":44},"6":{"name":"(anonymous_6)","decl":{"start":{"line":54,"column":2},"end":{"line":54,"column":3}},"loc":{"start":{"line":54,"column":46},"end":{"line":59,"column":3}},"line":54},"7":{"name":"(anonymous_7)","decl":{"start":{"line":56,"column":6},"end":{"line":56,"column":7}},"loc":{"start":{"line":56,"column":37},"end":{"line":56,"column":92}},"line":56},"8":{"name":"(anonymous_8)","decl":{"start":{"line":61,"column":2},"end":{"line":61,"column":3}},"loc":{"start":{"line":61,"column":57},"end":{"line":71,"column":3}},"line":61},"9":{"name":"(anonymous_9)","decl":{"start":{"line":62,"column":38},"end":{"line":62,"column":39}},"loc":{"start":{"line":62,"column":69},"end":{"line":64,"column":5}},"line":62}},"branchMap":{"0":{"loc":{"start":{"line":38,"column":6},"end":{"line":40,"column":7}},"type":"if","locations":[{"start":{"line":38,"column":6},"end":{"line":40,"column":7}},{"start":{"line":38,"column":6},"end":{"line":40,"column":7}}],"line":38},"1":{"loc":{"start":{"line":47,"column":6},"end":{"line":49,"column":7}},"type":"if","locations":[{"start":{"line":47,"column":6},"end":{"line":49,"column":7}},{"start":{"line":47,"column":6},"end":{"line":49,"column":7}}],"line":47}},"s":{"0":0,"1":0,"2":0,"3":0,"4":0,"5":0,"6":0,"7":0,"8":0,"9":0,"10":0,"11":0,"12":0,"13":0,"14":0,"15":0,"16":0,"17":0,"18":0,"19":0,"20":0,"21":0,"22":0,"23":0,"24":0,"25":0,"26":0,"27":0,"28":0,"29":0,"30":0,"31":0},"f":{"0":0,"1":0,"2":0,"3":0,"4":0,"5":0,"6":0,"7":0,"8":0,"9":0},"b":{"0":[0,0],"1":[0,0]},"hash":"1d6140ea21959498d13127a22fa7f854eb8780d6"}
,"/Users/sujin/Development/Sujin/Sujin/src/components/single/Content.tsx": {"path":"/Users/sujin/Development/Sujin/Sujin/src/components/single/Content.tsx","statementMap":{"0":{"start":{"line":19,"column":23},"end":{"line":66,"column":1}},"1":{"start":{"line":30,"column":6},"end":{"line":30,"column":11}},"2":{"start":{"line":32,"column":19},"end":{"line":35,"column":3}},"3":{"start":{"line":37,"column":2},"end":{"line":51,"column":9}},"4":{"start":{"line":38,"column":22},"end":{"line":38,"column":83}},"5":{"start":{"line":40,"column":4},"end":{"line":42,"column":5}},"6":{"start":{"line":41,"column":6},"end":{"line":41,"column":13}},"7":{"start":{"line":44,"column":4},"end":{"line":50,"column":7}},"8":{"start":{"line":45,"column":6},"end":{"line":47,"column":7}},"9":{"start":{"line":46,"column":8},"end":{"line":46,"column":15}},"10":{"start":{"line":48,"column":6},"end":{"line":48,"column":28}},"11":{"start":{"line":49,"column":6},"end":{"line":49,"column":48}},"12":{"start":{"line":53,"column":2},"end":{"line":65,"column":4}}},"fnMap":{"0":{"name":"(anonymous_0)","decl":{"start":{"line":19,"column":23},"end":{"line":19,"column":24}},"loc":{"start":{"line":19,"column":54},"end":{"line":66,"column":1}},"line":19},"1":{"name":"(anonymous_1)","decl":{"start":{"line":37,"column":12},"end":{"line":37,"column":13}},"loc":{"start":{"line":37,"column":25},"end":{"line":51,"column":3}},"line":37},"2":{"name":"(anonymous_2)","decl":{"start":{"line":44,"column":34},"end":{"line":44,"column":35}},"loc":{"start":{"line":44,"column":67},"end":{"line":50,"column":5}},"line":44}},"branchMap":{"0":{"loc":{"start":{"line":40,"column":4},"end":{"line":42,"column":5}},"type":"if","locations":[{"start":{"line":40,"column":4},"end":{"line":42,"column":5}},{"start":{"line":40,"column":4},"end":{"line":42,"column":5}}],"line":40},"1":{"loc":{"start":{"line":45,"column":6},"end":{"line":47,"column":7}},"type":"if","locations":[{"start":{"line":45,"column":6},"end":{"line":47,"column":7}},{"start":{"line":45,"column":6},"end":{"line":47,"column":7}}],"line":45}},"s":{"0":0,"1":0,"2":0,"3":0,"4":0,"5":0,"6":0,"7":0,"8":0,"9":0,"10":0,"11":0,"12":0},"f":{"0":0,"1":0,"2":0},"b":{"0":[0,0],"1":[0,0]},"hash":"8ca2d45dacc83a4ff0c14c816228b0d4a40a2fa6"}
,"/Users/sujin/Development/Sujin/Sujin/src/components/single/Gist.tsx": {"path":"/Users/sujin/Development/Sujin/Sujin/src/components/single/Gist.tsx","statementMap":{"0":{"start":{"line":13,"column":20},"end":{"line":36,"column":1}},"1":{"start":{"line":14,"column":20},"end":{"line":14,"column":32}},"2":{"start":{"line":15,"column":23},"end":{"line":15,"column":28}},"3":{"start":{"line":16,"column":19},"end":{"line":16,"column":61}},"4":{"start":{"line":18,"column":2},"end":{"line":31,"column":3}},"5":{"start":{"line":19,"column":20},"end":{"line":19,"column":47}},"6":{"start":{"line":20,"column":21},"end":{"line":20,"column":65}},"7":{"start":{"line":21,"column":19},"end":{"line":21,"column":54}},"8":{"start":{"line":22,"column":25},"end":{"line":22,"column":128}},"9":{"start":{"line":23,"column":23},"end":{"line":23,"column":83}},"10":{"start":{"line":24,"column":23},"end":{"line":24,"column":125}},"11":{"start":{"line":26,"column":4},"end":{"line":26,"column":45}},"12":{"start":{"line":27,"column":4},"end":{"line":27,"column":56}},"13":{"start":{"line":28,"column":4},"end":{"line":28,"column":46}},"14":{"start":{"line":30,"column":4},"end":{"line":30,"column":56}},"15":{"start":{"line":33,"column":2},"end":{"line":35,"column":4}}},"fnMap":{"0":{"name":"(anonymous_0)","decl":{"start":{"line":13,"column":20},"end":{"line":13,"column":21}},"loc":{"start":{"line":13,"column":51},"end":{"line":36,"column":1}},"line":13}},"branchMap":{"0":{"loc":{"start":{"line":16,"column":19},"end":{"line":16,"column":61}},"type":"cond-expr","locations":[{"start":{"line":16,"column":26},"end":{"line":16,"column":46}},{"start":{"line":16,"column":49},"end":{"line":16,"column":61}}],"line":16},"1":{"loc":{"start":{"line":18,"column":2},"end":{"line":31,"column":3}},"type":"if","locations":[{"start":{"line":18,"column":2},"end":{"line":31,"column":3}},{"start":{"line":18,"column":2},"end":{"line":31,"column":3}}],"line":18},"2":{"loc":{"start":{"line":18,"column":6},"end":{"line":18,"column":73}},"type":"binary-expr","locations":[{"start":{"line":18,"column":6},"end":{"line":18,"column":23}},{"start":{"line":18,"column":27},"end":{"line":18,"column":73}}],"line":18},"3":{"loc":{"start":{"line":19,"column":20},"end":{"line":19,"column":47}},"type":"cond-expr","locations":[{"start":{"line":19,"column":27},"end":{"line":19,"column":42}},{"start":{"line":19,"column":45},"end":{"line":19,"column":47}}],"line":19}},"s":{"0":1,"1":0,"2":0,"3":0,"4":0,"5":0,"6":0,"7":0,"8":0,"9":0,"10":0,"11":0,"12":0,"13":0,"14":0,"15":0},"f":{"0":0},"b":{"0":[0,0],"1":[0,0],"2":[0,0],"3":[0,0]},"_coverageSchema":"43e27e138ebf9cfc5966b082cf9a028302ed4184","hash":"0897e2b74dbc0d3030b08f4269864157bdc7065b"}
,"/Users/sujin/Development/Sujin/Sujin/src/components/single/PrevNext.tsx": {"path":"/Users/sujin/Development/Sujin/Sujin/src/components/single/PrevNext.tsx","statementMap":{"0":{"start":{"line":17,"column":24},"end":{"line":38,"column":1}},"1":{"start":{"line":18,"column":2},"end":{"line":37,"column":4}},"2":{"start":{"line":21,"column":8},"end":{"line":23,"column":9}},"3":{"start":{"line":22,"column":10},"end":{"line":22,"column":22}},"4":{"start":{"line":25,"column":8},"end":{"line":34,"column":10}}},"fnMap":{"0":{"name":"(anonymous_0)","decl":{"start":{"line":17,"column":24},"end":{"line":17,"column":25}},"loc":{"start":{"line":17,"column":55},"end":{"line":38,"column":1}},"line":17},"1":{"name":"(anonymous_1)","decl":{"start":{"line":20,"column":39},"end":{"line":20,"column":40}},"loc":{"start":{"line":20,"column":48},"end":{"line":35,"column":7}},"line":20}},"branchMap":{"0":{"loc":{"start":{"line":21,"column":8},"end":{"line":23,"column":9}},"type":"if","locations":[{"start":{"line":21,"column":8},"end":{"line":23,"column":9}},{"start":{"line":21,"column":8},"end":{"line":23,"column":9}}],"line":21}},"s":{"0":0,"1":0,"2":0,"3":0,"4":0},"f":{"0":0,"1":0},"b":{"0":[0,0]},"hash":"5e48353637a98e22d73cfa6795896d34d6cb87d4"}
,"/Users/sujin/Development/Sujin/Sujin/src/components/single/RelatedPosts.tsx": {"path":"/Users/sujin/Development/Sujin/Sujin/src/components/single/RelatedPosts.tsx","statementMap":{"0":{"start":{"line":15,"column":28},"end":{"line":33,"column":1}},"1":{"start":{"line":16,"column":2},"end":{"line":32,"column":4}},"2":{"start":{"line":23,"column":12},"end":{"line":27,"column":14}}},"fnMap":{"0":{"name":"(anonymous_0)","decl":{"start":{"line":15,"column":28},"end":{"line":15,"column":29}},"loc":{"start":{"line":15,"column":59},"end":{"line":33,"column":1}},"line":15},"1":{"name":"(anonymous_1)","decl":{"start":{"line":22,"column":27},"end":{"line":22,"column":28}},"loc":{"start":{"line":23,"column":12},"end":{"line":27,"column":14}},"line":23}},"branchMap":{"0":{"loc":{"start":{"line":20,"column":7},"end":{"line":30,"column":7}},"type":"binary-expr","locations":[{"start":{"line":20,"column":7},"end":{"line":20,"column":18}},{"start":{"line":21,"column":8},"end":{"line":29,"column":18}}],"line":20}},"s":{"0":0,"1":0,"2":0},"f":{"0":0,"1":0},"b":{"0":[0,0]},"hash":"a52c91ea6cf9792d6f5945ce3606530583de6497"}
,"/Users/sujin/Development/Sujin/Sujin/src/components/single/SingleAside.tsx": {"path":"/Users/sujin/Development/Sujin/Sujin/src/components/single/SingleAside.tsx","statementMap":{"0":{"start":{"line":10,"column":27},"end":{"line":14,"column":1}},"1":{"start":{"line":11,"column":2},"end":{"line":13,"column":4}}},"fnMap":{"0":{"name":"(anonymous_0)","decl":{"start":{"line":10,"column":27},"end":{"line":10,"column":28}},"loc":{"start":{"line":10,"column":46},"end":{"line":14,"column":1}},"line":10}},"branchMap":{},"s":{"0":0,"1":0},"f":{"0":0},"b":{},"hash":"a1272126794ad29ad1596e3590a9f748fcc89648"}
,"/Users/sujin/Development/Sujin/Sujin/src/components/single/SocialShare.tsx": {"path":"/Users/sujin/Development/Sujin/Sujin/src/components/single/SocialShare.tsx","statementMap":{"0":{"start":{"line":12,"column":42},"end":{"line":12,"column":52}},"1":{"start":{"line":14,"column":4},"end":{"line":29,"column":6}},"2":{"start":{"line":18,"column":25},"end":{"line":18,"column":44}},"3":{"start":{"line":24,"column":25},"end":{"line":24,"column":65}}},"fnMap":{"0":{"name":"(anonymous_0)","decl":{"start":{"line":11,"column":2},"end":{"line":11,"column":3}},"loc":{"start":{"line":11,"column":11},"end":{"line":30,"column":3}},"line":11},"1":{"name":"(anonymous_1)","decl":{"start":{"line":18,"column":19},"end":{"line":18,"column":20}},"loc":{"start":{"line":18,"column":25},"end":{"line":18,"column":44}},"line":18},"2":{"name":"(anonymous_2)","decl":{"start":{"line":24,"column":19},"end":{"line":24,"column":20}},"loc":{"start":{"line":24,"column":25},"end":{"line":24,"column":65}},"line":24}},"branchMap":{},"s":{"0":0,"1":0,"2":0,"3":0},"f":{"0":0,"1":0,"2":0},"b":{},"hash":"de277ae4684ff68b37e0f9b6e53c9befdb7b4061"}
,"/Users/sujin/Development/Sujin/Sujin/src/components/single/TweetEmbed.tsx": {"path":"/Users/sujin/Development/Sujin/Sujin/src/components/single/TweetEmbed.tsx","statementMap":{"0":{"start":{"line":8,"column":18},"end":{"line":8,"column":20}},"1":{"start":{"line":26,"column":4},"end":{"line":26,"column":17}},"2":{"start":{"line":27,"column":4},"end":{"line":29,"column":6}},"3":{"start":{"line":31,"column":4},"end":{"line":31,"column":63}},"4":{"start":{"line":32,"column":4},"end":{"line":32,"column":47}},"5":{"start":{"line":36,"column":4},"end":{"line":36,"column":39}},"6":{"start":{"line":40,"column":4},"end":{"line":43,"column":6}},"7":{"start":{"line":48,"column":4},"end":{"line":50,"column":5}},"8":{"start":{"line":49,"column":6},"end":{"line":49,"column":40}},"9":{"start":{"line":55,"column":24},"end":{"line":72,"column":5}},"10":{"start":{"line":56,"column":24},"end":{"line":56,"column":30}},"11":{"start":{"line":57,"column":6},"end":{"line":71,"column":9}},"12":{"start":{"line":59,"column":8},"end":{"line":61,"column":9}},"13":{"start":{"line":60,"column":10},"end":{"line":60,"column":34}},"14":{"start":{"line":63,"column":33},"end":{"line":63,"column":38}},"15":{"start":{"line":64,"column":8},"end":{"line":70,"column":13}},"16":{"start":{"line":67,"column":12},"end":{"line":69,"column":15}},"17":{"start":{"line":74,"column":4},"end":{"line":82,"column":5}},"18":{"start":{"line":75,"column":21},"end":{"line":75,"column":52}},"19":{"start":{"line":76,"column":22},"end":{"line":76,"column":67}},"20":{"start":{"line":77,"column":6},"end":{"line":77,"column":41}},"21":{"start":{"line":79,"column":6},"end":{"line":79,"column":82}},"22":{"start":{"line":81,"column":6},"end":{"line":81,"column":20}},"23":{"start":{"line":86,"column":4},"end":{"line":94,"column":5}},"24":{"start":{"line":87,"column":6},"end":{"line":87,"column":25}},"25":{"start":{"line":88,"column":16},"end":{"line":88,"column":48}},"26":{"start":{"line":89,"column":6},"end":{"line":89,"column":33}},"27":{"start":{"line":90,"column":6},"end":{"line":90,"column":59}},"28":{"start":{"line":90,"column":29},"end":{"line":90,"column":58}},"29":{"start":{"line":90,"column":54},"end":{"line":90,"column":57}},"30":{"start":{"line":91,"column":6},"end":{"line":91,"column":35}},"31":{"start":{"line":93,"column":6},"end":{"line":93,"column":25}},"32":{"start":{"line":98,"column":39},"end":{"line":98,"column":49}},"33":{"start":{"line":99,"column":26},"end":{"line":99,"column":36}},"34":{"start":{"line":101,"column":4},"end":{"line":110,"column":6}},"35":{"start":{"line":105,"column":10},"end":{"line":105,"column":23}}},"fnMap":{"0":{"name":"(anonymous_0)","decl":{"start":{"line":25,"column":2},"end":{"line":25,"column":3}},"loc":{"start":{"line":25,"column":28},"end":{"line":33,"column":3}},"line":25},"1":{"name":"(anonymous_1)","decl":{"start":{"line":35,"column":2},"end":{"line":35,"column":3}},"loc":{"start":{"line":35,"column":28},"end":{"line":37,"column":3}},"line":35},"2":{"name":"(anonymous_2)","decl":{"start":{"line":39,"column":2},"end":{"line":39,"column":3}},"loc":{"start":{"line":39,"column":51},"end":{"line":44,"column":3}},"line":39},"3":{"name":"(anonymous_3)","decl":{"start":{"line":47,"column":2},"end":{"line":47,"column":3}},"loc":{"start":{"line":47,"column":46},"end":{"line":51,"column":3}},"line":47},"4":{"name":"(anonymous_4)","decl":{"start":{"line":54,"column":2},"end":{"line":54,"column":3}},"loc":{"start":{"line":54,"column":40},"end":{"line":83,"column":3}},"line":54},"5":{"name":"(anonymous_5)","decl":{"start":{"line":55,"column":24},"end":{"line":55,"column":25}},"loc":{"start":{"line":55,"column":36},"end":{"line":72,"column":5}},"line":55},"6":{"name":"(anonymous_6)","decl":{"start":{"line":57,"column":25},"end":{"line":57,"column":26}},"loc":{"start":{"line":57,"column":42},"end":{"line":71,"column":7}},"line":57},"7":{"name":"(anonymous_7)","decl":{"start":{"line":66,"column":16},"end":{"line":66,"column":17}},"loc":{"start":{"line":66,"column":22},"end":{"line":70,"column":11}},"line":66},"8":{"name":"(anonymous_8)","decl":{"start":{"line":85,"column":2},"end":{"line":85,"column":3}},"loc":{"start":{"line":85,"column":47},"end":{"line":95,"column":3}},"line":85},"9":{"name":"(anonymous_9)","decl":{"start":{"line":90,"column":17},"end":{"line":90,"column":18}},"loc":{"start":{"line":90,"column":29},"end":{"line":90,"column":58}},"line":90},"10":{"name":"(anonymous_10)","decl":{"start":{"line":90,"column":47},"end":{"line":90,"column":48}},"loc":{"start":{"line":90,"column":54},"end":{"line":90,"column":57}},"line":90},"11":{"name":"(anonymous_11)","decl":{"start":{"line":97,"column":2},"end":{"line":97,"column":3}},"loc":{"start":{"line":97,"column":24},"end":{"line":111,"column":3}},"line":97},"12":{"name":"(anonymous_12)","decl":{"start":{"line":104,"column":13},"end":{"line":104,"column":14}},"loc":{"start":{"line":104,"column":26},"end":{"line":106,"column":9}},"line":104}},"branchMap":{"0":{"loc":{"start":{"line":41,"column":6},"end":{"line":42,"column":50}},"type":"binary-expr","locations":[{"start":{"line":41,"column":6},"end":{"line":41,"column":36}},{"start":{"line":42,"column":6},"end":{"line":42,"column":50}}],"line":41},"1":{"loc":{"start":{"line":48,"column":4},"end":{"line":50,"column":5}},"type":"if","locations":[{"start":{"line":48,"column":4},"end":{"line":50,"column":5}},{"start":{"line":48,"column":4},"end":{"line":50,"column":5}}],"line":48},"2":{"loc":{"start":{"line":59,"column":8},"end":{"line":61,"column":9}},"type":"if","locations":[{"start":{"line":59,"column":8},"end":{"line":61,"column":9}},{"start":{"line":59,"column":8},"end":{"line":61,"column":9}}],"line":59},"3":{"loc":{"start":{"line":63,"column":16},"end":{"line":63,"column":28}},"type":"default-arg","locations":[{"start":{"line":63,"column":26},"end":{"line":63,"column":28}}],"line":63},"4":{"loc":{"start":{"line":74,"column":4},"end":{"line":82,"column":5}},"type":"if","locations":[{"start":{"line":74,"column":4},"end":{"line":82,"column":5}},{"start":{"line":74,"column":4},"end":{"line":82,"column":5}}],"line":74},"5":{"loc":{"start":{"line":74,"column":10},"end":{"line":74,"column":30}},"type":"binary-expr","locations":[{"start":{"line":74,"column":10},"end":{"line":74,"column":15}},{"start":{"line":74,"column":19},"end":{"line":74,"column":30}}],"line":74},"6":{"loc":{"start":{"line":75,"column":21},"end":{"line":75,"column":52}},"type":"binary-expr","locations":[{"start":{"line":75,"column":21},"end":{"line":75,"column":40}},{"start":{"line":75,"column":44},"end":{"line":75,"column":52}}],"line":75},"7":{"loc":{"start":{"line":77,"column":17},"end":{"line":77,"column":40}},"type":"cond-expr","locations":[{"start":{"line":77,"column":27},"end":{"line":77,"column":35}},{"start":{"line":77,"column":38},"end":{"line":77,"column":40}}],"line":77},"8":{"loc":{"start":{"line":86,"column":4},"end":{"line":94,"column":5}},"type":"if","locations":[{"start":{"line":86,"column":4},"end":{"line":94,"column":5}},{"start":{"line":86,"column":4},"end":{"line":94,"column":5}}],"line":86},"9":{"loc":{"start":{"line":108,"column":9},"end":{"line":108,"column":33}},"type":"binary-expr","locations":[{"start":{"line":108,"column":9},"end":{"line":108,"column":18}},{"start":{"line":108,"column":22},"end":{"line":108,"column":33}}],"line":108}},"s":{"0":1,"1":0,"2":0,"3":0,"4":0,"5":0,"6":0,"7":0,"8":0,"9":0,"10":0,"11":0,"12":0,"13":0,"14":0,"15":0,"16":0,"17":0,"18":0,"19":0,"20":0,"21":0,"22":0,"23":0,"24":0,"25":0,"26":0,"27":0,"28":0,"29":0,"30":0,"31":0,"32":0,"33":0,"34":0,"35":0},"f":{"0":0,"1":0,"2":0,"3":0,"4":0,"5":0,"6":0,"7":0,"8":0,"9":0,"10":0,"11":0,"12":0},"b":{"0":[0,0],"1":[0,0],"2":[0,0],"3":[0],"4":[0,0],"5":[0,0],"6":[0,0],"7":[0,0],"8":[0,0],"9":[0,0]},"_coverageSchema":"43e27e138ebf9cfc5966b082cf9a028302ed4184","hash":"a86dafee81cc701d24c7d2ef0b76a73326047072"}
,"/Users/sujin/Development/Sujin/Sujin/src/components/widgets/Flickr.tsx": {"path":"/Users/sujin/Development/Sujin/Sujin/src/components/widgets/Flickr.tsx","statementMap":{"0":{"start":{"line":10,"column":22},"end":{"line":29,"column":1}},"1":{"start":{"line":11,"column":2},"end":{"line":28,"column":4}},"2":{"start":{"line":15,"column":10},"end":{"line":24,"column":16}}},"fnMap":{"0":{"name":"(anonymous_0)","decl":{"start":{"line":10,"column":22},"end":{"line":10,"column":23}},"loc":{"start":{"line":10,"column":53},"end":{"line":29,"column":1}},"line":10},"1":{"name":"(anonymous_1)","decl":{"start":{"line":14,"column":25},"end":{"line":14,"column":26}},"loc":{"start":{"line":15,"column":10},"end":{"line":24,"column":16}},"line":15}},"branchMap":{},"s":{"0":0,"1":0,"2":0},"f":{"0":0,"1":0},"b":{},"hash":"cece27072cb12534e22371b0fa2af4f846c972ce"}
,"/Users/sujin/Development/Sujin/Sujin/src/components/widgets/GoogleAdvert.tsx": {"path":"/Users/sujin/Development/Sujin/Sujin/src/components/widgets/GoogleAdvert.tsx","statementMap":{"0":{"start":{"line":10,"column":28},"end":{"line":54,"column":1}},"1":{"start":{"line":15,"column":6},"end":{"line":15,"column":11}},"2":{"start":{"line":17,"column":16},"end":{"line":17,"column":28}},"3":{"start":{"line":19,"column":2},"end":{"line":35,"column":5}},"4":{"start":{"line":20,"column":4},"end":{"line":22,"column":5}},"5":{"start":{"line":21,"column":6},"end":{"line":21,"column":13}},"6":{"start":{"line":24,"column":4},"end":{"line":24,"column":42}},"7":{"start":{"line":26,"column":4},"end":{"line":28,"column":5}},"8":{"start":{"line":27,"column":6},"end":{"line":27,"column":13}},"9":{"start":{"line":30,"column":4},"end":{"line":32,"column":5}},"10":{"start":{"line":31,"column":6},"end":{"line":31,"column":13}},"11":{"start":{"line":34,"column":4},"end":{"line":34,"column":61}},"12":{"start":{"line":37,"column":2},"end":{"line":39,"column":3}},"13":{"start":{"line":38,"column":4},"end":{"line":38,"column":26}},"14":{"start":{"line":41,"column":2},"end":{"line":53,"column":4}}},"fnMap":{"0":{"name":"(anonymous_0)","decl":{"start":{"line":10,"column":28},"end":{"line":10,"column":29}},"loc":{"start":{"line":10,"column":59},"end":{"line":54,"column":1}},"line":10},"1":{"name":"(anonymous_1)","decl":{"start":{"line":19,"column":12},"end":{"line":19,"column":13}},"loc":{"start":{"line":19,"column":25},"end":{"line":35,"column":3}},"line":19}},"branchMap":{"0":{"loc":{"start":{"line":20,"column":4},"end":{"line":22,"column":5}},"type":"if","locations":[{"start":{"line":20,"column":4},"end":{"line":22,"column":5}},{"start":{"line":20,"column":4},"end":{"line":22,"column":5}}],"line":20},"1":{"loc":{"start":{"line":26,"column":4},"end":{"line":28,"column":5}},"type":"if","locations":[{"start":{"line":26,"column":4},"end":{"line":28,"column":5}},{"start":{"line":26,"column":4},"end":{"line":28,"column":5}}],"line":26},"2":{"loc":{"start":{"line":30,"column":4},"end":{"line":32,"column":5}},"type":"if","locations":[{"start":{"line":30,"column":4},"end":{"line":32,"column":5}},{"start":{"line":30,"column":4},"end":{"line":32,"column":5}}],"line":30},"3":{"loc":{"start":{"line":34,"column":26},"end":{"line":34,"column":50}},"type":"binary-expr","locations":[{"start":{"line":34,"column":26},"end":{"line":34,"column":44}},{"start":{"line":34,"column":48},"end":{"line":34,"column":50}}],"line":34},"4":{"loc":{"start":{"line":37,"column":2},"end":{"line":39,"column":3}},"type":"if","locations":[{"start":{"line":37,"column":2},"end":{"line":39,"column":3}},{"start":{"line":37,"column":2},"end":{"line":39,"column":3}}],"line":37},"5":{"loc":{"start":{"line":37,"column":6},"end":{"line":37,"column":22}},"type":"binary-expr","locations":[{"start":{"line":37,"column":6},"end":{"line":37,"column":13}},{"start":{"line":37,"column":17},"end":{"line":37,"column":22}}],"line":37},"6":{"loc":{"start":{"line":49,"column":36},"end":{"line":49,"column":65}},"type":"cond-expr","locations":[{"start":{"line":49,"column":49},"end":{"line":49,"column":55}},{"start":{"line":49,"column":58},"end":{"line":49,"column":65}}],"line":49}},"s":{"0":0,"1":0,"2":0,"3":0,"4":0,"5":0,"6":0,"7":0,"8":0,"9":0,"10":0,"11":0,"12":0,"13":0,"14":0},"f":{"0":0,"1":0},"b":{"0":[0,0],"1":[0,0],"2":[0,0],"3":[0,0],"4":[0,0],"5":[0,0],"6":[0,0]},"hash":"e0cb199c7365ada61bd9b57e1ef042a20e3ffa43"}
,"/Users/sujin/Development/Sujin/Sujin/src/components/widgets/RecentPosts.tsx": {"path":"/Users/sujin/Development/Sujin/Sujin/src/components/widgets/RecentPosts.tsx","statementMap":{"0":{"start":{"line":9,"column":27},"end":{"line":30,"column":1}},"1":{"start":{"line":10,"column":18},"end":{"line":10,"column":68}},"2":{"start":{"line":12,"column":2},"end":{"line":16,"column":3}},"3":{"start":{"line":13,"column":4},"end":{"line":15,"column":6}},"4":{"start":{"line":18,"column":2},"end":{"line":29,"column":4}},"5":{"start":{"line":21,"column":8},"end":{"line":26,"column":10}}},"fnMap":{"0":{"name":"(anonymous_0)","decl":{"start":{"line":9,"column":27},"end":{"line":9,"column":28}},"loc":{"start":{"line":9,"column":58},"end":{"line":30,"column":1}},"line":9},"1":{"name":"(anonymous_1)","decl":{"start":{"line":20,"column":25},"end":{"line":20,"column":26}},"loc":{"start":{"line":21,"column":8},"end":{"line":26,"column":10}},"line":21}},"branchMap":{"0":{"loc":{"start":{"line":12,"column":2},"end":{"line":16,"column":3}},"type":"if","locations":[{"start":{"line":12,"column":2},"end":{"line":16,"column":3}},{"start":{"line":12,"column":2},"end":{"line":16,"column":3}}],"line":12}},"s":{"0":0,"1":0,"2":0,"3":0,"4":0,"5":0},"f":{"0":0,"1":0},"b":{"0":[0,0]},"hash":"39cfa3db70e41eba0e45065e19c8a0866bef2f77"}
,"/Users/sujin/Development/Sujin/Sujin/src/components/widgets/TagCloud.tsx": {"path":"/Users/sujin/Development/Sujin/Sujin/src/components/widgets/TagCloud.tsx","statementMap":{"0":{"start":{"line":8,"column":24},"end":{"line":15,"column":1}},"1":{"start":{"line":9,"column":2},"end":{"line":14,"column":4}}},"fnMap":{"0":{"name":"(anonymous_0)","decl":{"start":{"line":8,"column":24},"end":{"line":8,"column":25}},"loc":{"start":{"line":8,"column":55},"end":{"line":15,"column":1}},"line":8}},"branchMap":{},"s":{"0":0,"1":0},"f":{"0":0},"b":{},"hash":"2d96e8745fe17f542bc6b07b47e9cba2e7df4e44"}
,"/Users/sujin/Development/Sujin/Sujin/src/components/widgets/index.tsx": {"path":"/Users/sujin/Development/Sujin/Sujin/src/components/widgets/index.tsx","statementMap":{"0":{"start":{"line":15,"column":31},"end":{"line":48,"column":1}},"1":{"start":{"line":16,"column":2},"end":{"line":47,"column":4}},"2":{"start":{"line":19,"column":8},"end":{"line":44,"column":18}}},"fnMap":{"0":{"name":"(anonymous_0)","decl":{"start":{"line":15,"column":31},"end":{"line":15,"column":32}},"loc":{"start":{"line":15,"column":62},"end":{"line":48,"column":1}},"line":15},"1":{"name":"(anonymous_1)","decl":{"start":{"line":18,"column":38},"end":{"line":18,"column":39}},"loc":{"start":{"line":19,"column":8},"end":{"line":44,"column":18}},"line":19}},"branchMap":{"0":{"loc":{"start":{"line":18,"column":7},"end":{"line":45,"column":8}},"type":"binary-expr","locations":[{"start":{"line":18,"column":7},"end":{"line":18,"column":18}},{"start":{"line":18,"column":22},"end":{"line":45,"column":8}}],"line":18},"1":{"loc":{"start":{"line":21,"column":42},"end":{"line":21,"column":63}},"type":"binary-expr","locations":[{"start":{"line":21,"column":42},"end":{"line":21,"column":57}},{"start":{"line":21,"column":61},"end":{"line":21,"column":63}}],"line":21},"2":{"loc":{"start":{"line":23,"column":11},"end":{"line":25,"column":11}},"type":"binary-expr","locations":[{"start":{"line":23,"column":11},"end":{"line":23,"column":23}},{"start":{"line":24,"column":12},"end":{"line":24,"column":75}}],"line":23},"3":{"loc":{"start":{"line":26,"column":11},"end":{"line":28,"column":11}},"type":"binary-expr","locations":[{"start":{"line":26,"column":11},"end":{"line":26,"column":37}},{"start":{"line":27,"column":12},"end":{"line":27,"column":43}}],"line":26},"4":{"loc":{"start":{"line":29,"column":11},"end":{"line":35,"column":11}},"type":"binary-expr","locations":[{"start":{"line":29,"column":11},"end":{"line":29,"column":37}},{"start":{"line":30,"column":12},"end":{"line":34,"column":14}}],"line":29},"5":{"loc":{"start":{"line":36,"column":11},"end":{"line":40,"column":11}},"type":"binary-expr","locations":[{"start":{"line":36,"column":11},"end":{"line":36,"column":35}},{"start":{"line":37,"column":12},"end":{"line":39,"column":14}}],"line":36},"6":{"loc":{"start":{"line":41,"column":11},"end":{"line":43,"column":11}},"type":"binary-expr","locations":[{"start":{"line":41,"column":11},"end":{"line":41,"column":42}},{"start":{"line":42,"column":12},"end":{"line":42,"column":27}}],"line":41}},"s":{"0":0,"1":0,"2":0},"f":{"0":0,"1":0},"b":{"0":[0,0],"1":[0,0],"2":[0,0],"3":[0,0],"4":[0,0],"5":[0,0],"6":[0,0]},"hash":"3f87af04f9a30fb2224e407fc539eff624990af7"}
,"/Users/sujin/Development/Sujin/Sujin/src/constants/common.ts": {"path":"/Users/sujin/Development/Sujin/Sujin/src/constants/common.ts","statementMap":{"0":{"start":{"line":3,"column":42},"end":{"line":3,"column":44}},"1":{"start":{"line":4,"column":27},"end":{"line":4,"column":28}}},"fnMap":{},"branchMap":{},"s":{"0":0,"1":0},"f":{},"b":{},"hash":"cfe2e60d6d886f80df268f746a3670b81daafd3c"}
,"/Users/sujin/Development/Sujin/Sujin/src/constants/dom.ts": {"path":"/Users/sujin/Development/Sujin/Sujin/src/constants/dom.ts","statementMap":{"0":{"start":{"line":1,"column":20},"end":{"line":5,"column":1}},"1":{"start":{"line":7,"column":24},"end":{"line":10,"column":1}},"2":{"start":{"line":12,"column":26},"end":{"line":28,"column":1}}},"fnMap":{},"branchMap":{},"s":{"0":1,"1":1,"2":1},"f":{},"b":{},"_coverageSchema":"43e27e138ebf9cfc5966b082cf9a028302ed4184","hash":"d60891fa2a0c146069a7fed79717d8d55bb81a10"}
,"/Users/sujin/Development/Sujin/Sujin/src/constants/enum.ts": {"path":"/Users/sujin/Development/Sujin/Sujin/src/constants/enum.ts","statementMap":{"0":{"start":{"line":24,"column":28},"end":{"line":26,"column":1}},"1":{"start":{"line":25,"column":2},"end":{"line":25,"column":88}}},"fnMap":{"0":{"name":"(anonymous_0)","decl":{"start":{"line":24,"column":28},"end":{"line":24,"column":29}},"loc":{"start":{"line":24,"column":55},"end":{"line":26,"column":1}},"line":24}},"branchMap":{"0":{"loc":{"start":{"line":25,"column":9},"end":{"line":25,"column":87}},"type":"binary-expr","locations":[{"start":{"line":25,"column":9},"end":{"line":25,"column":16}},{"start":{"line":25,"column":20},"end":{"line":25,"column":52}},{"start":{"line":25,"column":56},"end":{"line":25,"column":87}}],"line":25}},"s":{"0":1,"1":3},"f":{"0":3},"b":{"0":[3,2,1]},"_coverageSchema":"43e27e138ebf9cfc5966b082cf9a028302ed4184","hash":"f930b679bec36ea3b7ea93c7a1db6a1bca7009c4"}
,"/Users/sujin/Development/Sujin/Sujin/src/scenes/public/Archive.tsx": {"path":"/Users/sujin/Development/Sujin/Sujin/src/scenes/public/Archive.tsx","statementMap":{"0":{"start":{"line":23,"column":23},"end":{"line":60,"column":1}},"1":{"start":{"line":24,"column":31},"end":{"line":24,"column":42}},"2":{"start":{"line":25,"column":18},"end":{"line":25,"column":46}},"3":{"start":{"line":27,"column":2},"end":{"line":31,"column":3}},"4":{"start":{"line":28,"column":4},"end":{"line":30,"column":6}},"5":{"start":{"line":33,"column":2},"end":{"line":37,"column":3}},"6":{"start":{"line":34,"column":4},"end":{"line":36,"column":6}},"7":{"start":{"line":39,"column":2},"end":{"line":59,"column":6}},"8":{"start":{"line":44,"column":12},"end":{"line":48,"column":14}}},"fnMap":{"0":{"name":"(anonymous_0)","decl":{"start":{"line":23,"column":23},"end":{"line":23,"column":24}},"loc":{"start":{"line":23,"column":42},"end":{"line":60,"column":1}},"line":23},"1":{"name":"(anonymous_1)","decl":{"start":{"line":43,"column":29},"end":{"line":43,"column":30}},"loc":{"start":{"line":44,"column":12},"end":{"line":48,"column":14}},"line":44}},"branchMap":{"0":{"loc":{"start":{"line":27,"column":2},"end":{"line":31,"column":3}},"type":"if","locations":[{"start":{"line":27,"column":2},"end":{"line":31,"column":3}},{"start":{"line":27,"column":2},"end":{"line":31,"column":3}}],"line":27},"1":{"loc":{"start":{"line":33,"column":2},"end":{"line":37,"column":3}},"type":"if","locations":[{"start":{"line":33,"column":2},"end":{"line":37,"column":3}},{"start":{"line":33,"column":2},"end":{"line":37,"column":3}}],"line":33},"2":{"loc":{"start":{"line":41,"column":7},"end":{"line":57,"column":7}},"type":"binary-expr","locations":[{"start":{"line":41,"column":7},"end":{"line":41,"column":20}},{"start":{"line":41,"column":24},"end":{"line":41,"column":48}},{"start":{"line":42,"column":8},"end":{"line":56,"column":19}}],"line":41},"3":{"loc":{"start":{"line":53,"column":25},"end":{"line":53,"column":34}},"type":"binary-expr","locations":[{"start":{"line":53,"column":25},"end":{"line":53,"column":29}},{"start":{"line":53,"column":33},"end":{"line":53,"column":34}}],"line":53}},"s":{"0":0,"1":0,"2":0,"3":0,"4":0,"5":0,"6":0,"7":0,"8":0},"f":{"0":0,"1":0},"b":{"0":[0,0],"1":[0,0],"2":[0,0,0],"3":[0,0]},"hash":"16ee5ca4e3c36b7d6152e23b8a6db8057c36f271"}
,"/Users/sujin/Development/Sujin/Sujin/src/scenes/public/FrontPage.tsx": {"path":"/Users/sujin/Development/Sujin/Sujin/src/scenes/public/FrontPage.tsx","statementMap":{"0":{"start":{"line":15,"column":25},"end":{"line":45,"column":1}},"1":{"start":{"line":16,"column":2},"end":{"line":16,"column":18}},"2":{"start":{"line":17,"column":2},"end":{"line":17,"column":17}},"3":{"start":{"line":22,"column":6},"end":{"line":22,"column":18}},"4":{"start":{"line":24,"column":2},"end":{"line":26,"column":3}},"5":{"start":{"line":25,"column":4},"end":{"line":25,"column":26}},"6":{"start":{"line":28,"column":2},"end":{"line":34,"column":3}},"7":{"start":{"line":29,"column":4},"end":{"line":33,"column":6}},"8":{"start":{"line":36,"column":2},"end":{"line":42,"column":3}},"9":{"start":{"line":37,"column":4},"end":{"line":41,"column":6}},"10":{"start":{"line":44,"column":2},"end":{"line":44,"column":24}}},"fnMap":{"0":{"name":"(anonymous_0)","decl":{"start":{"line":15,"column":25},"end":{"line":15,"column":26}},"loc":{"start":{"line":15,"column":44},"end":{"line":45,"column":1}},"line":15}},"branchMap":{"0":{"loc":{"start":{"line":24,"column":2},"end":{"line":26,"column":3}},"type":"if","locations":[{"start":{"line":24,"column":2},"end":{"line":26,"column":3}},{"start":{"line":24,"column":2},"end":{"line":26,"column":3}}],"line":24},"1":{"loc":{"start":{"line":28,"column":2},"end":{"line":34,"column":3}},"type":"if","locations":[{"start":{"line":28,"column":2},"end":{"line":34,"column":3}},{"start":{"line":28,"column":2},"end":{"line":34,"column":3}}],"line":28},"2":{"loc":{"start":{"line":36,"column":2},"end":{"line":42,"column":3}},"type":"if","locations":[{"start":{"line":36,"column":2},"end":{"line":42,"column":3}},{"start":{"line":36,"column":2},"end":{"line":42,"column":3}}],"line":36}},"s":{"0":0,"1":0,"2":0,"3":0,"4":0,"5":0,"6":0,"7":0,"8":0,"9":0,"10":0},"f":{"0":0},"b":{"0":[0,0],"1":[0,0],"2":[0,0]},"hash":"98ed5df626198ee57a6b563d91bb4d15dadd3a04"}
,"/Users/sujin/Development/Sujin/Sujin/src/scenes/public/NotFound.tsx": {"path":"/Users/sujin/Development/Sujin/Sujin/src/scenes/public/NotFound.tsx","statementMap":{"0":{"start":{"line":15,"column":24},"end":{"line":17,"column":1}},"1":{"start":{"line":16,"column":2},"end":{"line":16,"column":24}}},"fnMap":{"0":{"name":"(anonymous_0)","decl":{"start":{"line":15,"column":24},"end":{"line":15,"column":25}},"loc":{"start":{"line":15,"column":43},"end":{"line":17,"column":1}},"line":15}},"branchMap":{},"s":{"0":0,"1":0},"f":{"0":0},"b":{},"hash":"1a9cbfcc059df4f614d1df8f9f0ec53e14f5a1bc"}
,"/Users/sujin/Development/Sujin/Sujin/src/scenes/public/Page.tsx": {"path":"/Users/sujin/Development/Sujin/Sujin/src/scenes/public/Page.tsx","statementMap":{"0":{"start":{"line":17,"column":20},"end":{"line":42,"column":1}},"1":{"start":{"line":18,"column":19},"end":{"line":18,"column":30}},"2":{"start":{"line":19,"column":15},"end":{"line":19,"column":28}},"3":{"start":{"line":21,"column":2},"end":{"line":25,"column":3}},"4":{"start":{"line":22,"column":4},"end":{"line":24,"column":6}},"5":{"start":{"line":27,"column":2},"end":{"line":31,"column":3}},"6":{"start":{"line":28,"column":4},"end":{"line":30,"column":6}},"7":{"start":{"line":33,"column":2},"end":{"line":41,"column":4}}},"fnMap":{"0":{"name":"(anonymous_0)","decl":{"start":{"line":17,"column":20},"end":{"line":17,"column":21}},"loc":{"start":{"line":17,"column":39},"end":{"line":42,"column":1}},"line":17}},"branchMap":{"0":{"loc":{"start":{"line":21,"column":2},"end":{"line":25,"column":3}},"type":"if","locations":[{"start":{"line":21,"column":2},"end":{"line":25,"column":3}},{"start":{"line":21,"column":2},"end":{"line":25,"column":3}}],"line":21},"1":{"loc":{"start":{"line":27,"column":2},"end":{"line":31,"column":3}},"type":"if","locations":[{"start":{"line":27,"column":2},"end":{"line":31,"column":3}},{"start":{"line":27,"column":2},"end":{"line":31,"column":3}}],"line":27}},"s":{"0":0,"1":0,"2":0,"3":0,"4":0,"5":0,"6":0,"7":0},"f":{"0":0},"b":{"0":[0,0],"1":[0,0]},"hash":"da2d892385b1536f0282e4dcb6c2b0ab6ccbf87e"}
,"/Users/sujin/Development/Sujin/Sujin/src/scenes/public/Post.tsx": {"path":"/Users/sujin/Development/Sujin/Sujin/src/scenes/public/Post.tsx","statementMap":{"0":{"start":{"line":32,"column":20},"end":{"line":70,"column":1}},"1":{"start":{"line":33,"column":19},"end":{"line":33,"column":30}},"2":{"start":{"line":34,"column":15},"end":{"line":34,"column":28}},"3":{"start":{"line":36,"column":2},"end":{"line":40,"column":3}},"4":{"start":{"line":37,"column":4},"end":{"line":39,"column":6}},"5":{"start":{"line":42,"column":2},"end":{"line":46,"column":3}},"6":{"start":{"line":43,"column":4},"end":{"line":45,"column":6}},"7":{"start":{"line":52,"column":6},"end":{"line":52,"column":10}},"8":{"start":{"line":54,"column":2},"end":{"line":69,"column":4}}},"fnMap":{"0":{"name":"(anonymous_0)","decl":{"start":{"line":32,"column":20},"end":{"line":32,"column":21}},"loc":{"start":{"line":32,"column":39},"end":{"line":70,"column":1}},"line":32}},"branchMap":{"0":{"loc":{"start":{"line":36,"column":2},"end":{"line":40,"column":3}},"type":"if","locations":[{"start":{"line":36,"column":2},"end":{"line":40,"column":3}},{"start":{"line":36,"column":2},"end":{"line":40,"column":3}}],"line":36},"1":{"loc":{"start":{"line":42,"column":2},"end":{"line":46,"column":3}},"type":"if","locations":[{"start":{"line":42,"column":2},"end":{"line":46,"column":3}},{"start":{"line":42,"column":2},"end":{"line":46,"column":3}}],"line":42}},"s":{"0":0,"1":0,"2":0,"3":0,"4":0,"5":0,"6":0,"7":0,"8":0},"f":{"0":0},"b":{"0":[0,0],"1":[0,0]},"hash":"42de26260b6c4a7ec0119518651cf3ed49ddc610"}
,"/Users/sujin/Development/Sujin/Sujin/src/scenes/public/index.tsx": {"path":"/Users/sujin/Development/Sujin/Sujin/src/scenes/public/index.tsx","statementMap":{"0":{"start":{"line":19,"column":22},"end":{"line":38,"column":1}},"1":{"start":{"line":20,"column":38},"end":{"line":20,"column":58}},"2":{"start":{"line":22,"column":2},"end":{"line":37,"column":4}}},"fnMap":{"0":{"name":"(anonymous_0)","decl":{"start":{"line":19,"column":22},"end":{"line":19,"column":23}},"loc":{"start":{"line":19,"column":53},"end":{"line":38,"column":1}},"line":19}},"branchMap":{},"s":{"0":0,"1":0,"2":0},"f":{"0":0},"b":{},"hash":"cfe1d48d85d9aad0e1e3ccbe82b875788383ece6"}
[...]
"22":{"name":"(anonymous_22)","decl":{"start":{"line":84,"column":31},"end":{"line":84,"column":32}},"loc":{"start":{"line":84,"column":73},"end":{"line":135,"column":1}},"line":84},"23":{"name":"(anonymous_23)","decl":{"start":{"line":90,"column":9},"end":{"line":90,"column":10}},"loc":{"start":{"line":90,"column":31},"end":{"line":121,"column":5}},"line":90},"24":{"name":"(anonymous_24)","decl":{"start":{"line":122,"column":9},"end":{"line":122,"column":10}},"loc":{"start":{"line":122,"column":31},"end":{"line":133,"column":5}},"line":122}},"branchMap":{"0":{"loc":{"start":{"line":16,"column":4},"end":{"line":26,"column":5}},"type":"if","locations":[{"start":{"line":16,"column":4},"end":{"line":26,"column":5}},{"start":{"line":16,"column":4},"end":{"line":26,"column":5}}],"line":16},"1":{"loc":{"start":{"line":18,"column":11},"end":{"line":26,"column":5}},"type":"if","locations":[{"start":{"line":18,"column":11},"end":{"line":26,"column":5}},{"start":{"line":18,"column":11},"end":{"line":26,"column":5}}],"line":18},"2":{"loc":{"start":{"line":19,"column":6},"end":{"line":23,"column":7}},"type":"if","locations":[{"start":{"line":19,"column":6},"end":{"line":23,"column":7}},{"start":{"line":19,"column":6},"end":{"line":23,"column":7}}],"line":19},"3":{"loc":{"start":{"line":80,"column":17},"end":{"line":80,"column":53}},"type":"binary-expr","locations":[{"start":{"line":80,"column":18},"end":{"line":80,"column":29}},{"start":{"line":80,"column":33},"end":{"line":80,"column":34}},{"start":{"line":80,"column":40},"end":{"line":80,"column":52}}],"line":80},"4":{"loc":{"start":{"line":99,"column":8},"end":{"line":117,"column":9}},"type":"if","locations":[{"start":{"line":99,"column":8},"end":{"line":117,"column":9}},{"start":{"line":99,"column":8},"end":{"line":117,"column":9}}],"line":99},"5":{"loc":{"start":{"line":101,"column":10},"end":{"line":107,"column":11}},"type":"if","locations":[{"start":{"line":101,"column":10},"end":{"line":107,"column":11}},{"start":{"line":101,"column":10},"end":{"line":107,"column":11}}],"line":101},"6":{"loc":{"start":{"line":102,"column":12},"end":{"line":106,"column":13}},"type":"if","locations":[{"start":{"line":102,"column":12},"end":{"line":106,"column":13}},{"start":{"line":102,"column":12},"end":{"line":106,"column":13}}],"line":102},"7":{"loc":{"start":{"line":102,"column":16},"end":{"line":102,"column":51}},"type":"binary-expr","locations":[{"start":{"line":102,"column":16},"end":{"line":102,"column":31}},{"start":{"line":102,"column":35},"end":{"line":102,"column":51}}],"line":102},"8":{"loc":{"start":{"line":111,"column":10},"end":{"line":116,"column":11}},"type":"if","locations":[{"start":{"line":111,"column":10},"end":{"line":116,"column":11}},{"start":{"line":111,"column":10},"end":{"line":116,"column":11}}],"line":111},"9":{"loc":{"start":{"line":111,"column":14},"end":{"line":111,"column":72}},"type":"binary-expr","locations":[{"start":{"line":111,"column":14},"end":{"line":111,"column":32}},{"start":{"line":111,"column":36},"end":{"line":111,"column":72}}],"line":111},"10":{"loc":{"start":{"line":113,"column":12},"end":{"line":115,"column":13}},"type":"if","locations":[{"start":{"line":113,"column":12},"end":{"line":115,"column":13}},{"start":{"line":113,"column":12},"end":{"line":115,"column":13}}],"line":113},"11":{"loc":{"start":{"line":113,"column":17},"end":{"line":113,"column":62}},"type":"binary-expr","locations":[{"start":{"line":113,"column":17},"end":{"line":113,"column":57}},{"start":{"line":113,"column":61},"end":{"line":113,"column":62}}],"line":113},"12":{"loc":{"start":{"line":124,"column":6},"end":{"line":126,"column":7}},"type":"if","locations":[{"start":{"line":124,"column":6},"end":{"line":126,"column":7}},{"start":{"line":124,"column":6},"end":{"line":126,"column":7}}],"line":124}},"s":{"0":2,"1":30,"2":2,"3":1,"4":1,"5":1,"6":67,"7":67,"8":49,"9":18,"10":4,"11":0,"12":4,"13":14,"14":67,"15":1,"16":19,"17":2,"18":1,"19":10,"20":1,"21":1,"22":2,"23":1,"24":10,"25":2,"26":1,"27":10,"28":2,"29":1,"30":10,"31":2,"32":1,"33":10,"34":2,"35":1,"36":10,"37":2,"38":1,"39":10,"40":2,"41":1,"42":10,"43":2,"44":1,"45":9,"46":2,"47":1,"48":1,"49":1,"50":9,"51":9,"52":9,"53":9,"54":147,"55":64,"56":9,"57":0,"58":9,"59":64,"60":64,"61":9,"62":9,"63":2,"64":9,"65":9,"66":0,"67":9,"68":9,"69":9,"70":9,"71":9},"f":{"0":30,"1":1,"2":67,"3":19,"4":1,"5":10,"6":1,"7":10,"8":1,"9":10,"10":1,"11":10,"12":1,"13":10,"14":1,"15":10,"16":1,"17":10,"18":1,"19":10,"20":1,"21":9,"22":1,"23":9,"24":9},"b":{"0":[49,18],"1":[4,14],"2":[0,4],"3":[9,0,9],"4":[64,83],"5":[9,55],"6":[0,9],"7":[9,9],"8":[9,55],"9":[64,9],"10":[2,7],"11":[9,1],"12":[0,9]},"_coverageSchema":"43e27e138ebf9cfc5966b082cf9a028302ed4184","hash":"6ddd2bb5bb58aeb8cf2e373573b3e1bf2b534e40"}
,"/Users/sujin/Development/Sujin/Sujin/src/utils/single.tsx": {"path":"/Users/sujin/Development/Sujin/Sujin/src/utils/single.tsx","statementMap":{"0":{"start":{"line":25,"column":15},"end":{"line":32,"column":1}},"1":{"start":{"line":26,"column":1},"end":{"line":31,"column":3}},"2":{"start":{"line":40,"column":14},"end":{"line":87,"column":1}},"3":{"start":{"line":41,"column":15},"end":{"line":41,"column":17}},"4":{"start":{"line":42,"column":17},"end":{"line":42,"column":19}},"5":{"start":{"line":58,"column":17},"end":{"line":58,"column":169}},"6":{"start":{"line":61,"column":1},"end":{"line":61,"column":47}},"7":{"start":{"line":68,"column":1},"end":{"line":82,"column":2}},"8":{"start":{"line":69,"column":2},"end":{"line":81,"column":3}},"9":{"start":{"line":70,"column":3},"end":{"line":70,"column":45}},"10":{"start":{"line":71,"column":9},"end":{"line":81,"column":3}},"11":{"start":{"line":72,"column":3},"end":{"line":72,"column":44}},"12":{"start":{"line":73,"column":9},"end":{"line":81,"column":3}},"13":{"start":{"line":74,"column":3},"end":{"line":74,"column":44}},"14":{"start":{"line":75,"column":9},"end":{"line":81,"column":3}},"15":{"start":{"line":76,"column":3},"end":{"line":76,"column":26}},"16":{"start":{"line":77,"column":9},"end":{"line":81,"column":3}},"17":{"start":{"line":78,"column":3},"end":{"line":78,"column":26}},"18":{"start":{"line":79,"column":9},"end":{"line":81,"column":3}},"19":{"start":{"line":80,"column":3},"end":{"line":80,"column":26}},"20":{"start":{"line":86,"column":1},"end":{"line":86,"column":27}},"21":{"start":{"line":89,"column":21},"end":{"line":93,"column":1}},"22":{"start":{"line":90,"column":17},"end":{"line":90,"column":29}},"23":{"start":{"line":91,"column":2},"end":{"line":91,"column":75}},"24":{"start":{"line":91,"column":31},"end":{"line":91,"column":73}},"25":{"start":{"line":92,"column":2},"end":{"line":92,"column":94}},"26":{"start":{"line":95,"column":22},"end":{"line":98,"column":1}},"27":{"start":{"line":96,"column":16},"end":{"line":96,"column":41}},"28":{"start":{"line":97,"column":2},"end":{"line":97,"column":65}},"29":{"start":{"line":101,"column":27},"end":{"line":101,"column":93}},"30":{"start":{"line":102,"column":14},"end":{"line":102,"column":21}},"31":{"start":{"line":104,"column":16},"end":{"line":104,"column":18}},"32":{"start":{"line":105,"column":16},"end":{"line":106,"column":21}},"33":{"start":{"line":106,"column":19},"end":{"line":106,"column":20}},"34":{"start":{"line":108,"column":2},"end":{"line":112,"column":17}},"35":{"start":{"line":109,"column":29},"end":{"line":112,"column":5}},"36":{"start":{"line":114,"column":2},"end":{"line":118,"column":17}},"37":{"start":{"line":115,"column":29},"end":{"line":118,"column":5}},"38":{"start":{"line":120,"column":2},"end":{"line":124,"column":17}},"39":{"start":{"line":121,"column":29},"end":{"line":124,"column":5}},"40":{"start":{"line":126,"column":2},"end":{"line":178,"column":5}},"41":{"start":{"line":127,"column":4},"end":{"line":169,"column":5}},"42":{"start":{"line":128,"column":6},"end":{"line":139,"column":7}},"43":{"start":{"line":129,"column":19},"end":{"line":129,"column":60}},"44":{"start":{"line":130,"column":21},"end":{"line":130,"column":64}},"45":{"start":{"line":132,"column":8},"end":{"line":138,"column":10}},"46":{"start":{"line":141,"column":6},"end":{"line":149,"column":7}},"47":{"start":{"line":142,"column":19},"end":{"line":142,"column":60}},"48":{"start":{"line":143,"column":8},"end":{"line":148,"column":10}},"49":{"start":{"line":151,"column":6},"end":{"line":168,"column":7}},"50":{"start":{"line":152,"column":19},"end":{"line":152,"column":60}},"51":{"start":{"line":153,"column":8},"end":{"line":167,"column":9}},"52":{"start":{"line":155,"column":12},"end":{"line":157,"column":14}},"53":{"start":{"line":159,"column":12},"end":{"line":161,"column":14}},"54":{"start":{"line":164,"column":12},"end":{"line":166,"column":14}},"55":{"start":{"line":171,"column":4},"end":{"line":177,"column":6}},"56":{"start":{"line":180,"column":2},"end":{"line":180,"column":17}},"57":{"start":{"line":184,"column":2},"end":{"line":186,"column":3}},"58":{"start":{"line":185,"column":4},"end":{"line":185,"column":14}},"59":{"start":{"line":188,"column":2},"end":{"line":209,"column":5}},"60":{"start":{"line":193,"column":10},"end":{"line":199,"column":11}},"61":{"start":{"line":194,"column":12},"end":{"line":198,"column":14}},"62":{"start":{"line":201,"column":10},"end":{"line":205,"column":12}},"63":{"start":{"line":212,"column":29},"end":{"line":216,"column":1}},"64":{"start":{"line":213,"column":14},"end":{"line":213,"column":44}},"65":{"start":{"line":214,"column":15},"end":{"line":214,"column":44}},"66":{"start":{"line":215,"column":2},"end":{"line":215,"column":89}},"67":{"start":{"line":218,"column":28},"end":{"line":228,"column":1}},"68":{"start":{"line":219,"column":14},"end":{"line":225,"column":3}},"69":{"start":{"line":227,"column":2},"end":{"line":227,"column":54}},"70":{"start":{"line":230,"column":29},"end":{"line":242,"column":1}},"71":{"start":{"line":231,"column":14},"end":{"line":239,"column":3}},"72":{"start":{"line":241,"column":2},"end":{"line":241,"column":55}}},"fnMap":{"0":{"name":"(anonymous_0)","decl":{"start":{"line":25,"column":15},"end":{"line":25,"column":16}},"loc":{"start":{"line":25,"column":40},"end":{"line":32,"column":1}},"line":25},"1":{"name":"(anonymous_1)","decl":{"start":{"line":40,"column":14},"end":{"line":40,"column":15}},"loc":{"start":{"line":40,"column":24},"end":{"line":87,"column":1}},"line":40},"2":{"name":"(anonymous_2)","decl":{"start":{"line":89,"column":21},"end":{"line":89,"column":22}},"loc":{"start":{"line":89,"column":53},"end":{"line":93,"column":1}},"line":89},"3":{"name":"(anonymous_3)","decl":{"start":{"line":91,"column":24},"end":{"line":91,"column":25}},"loc":{"start":{"line":91,"column":31},"end":{"line":91,"column":73}},"line":91},"4":{"name":"(anonymous_4)","decl":{"start":{"line":95,"column":22},"end":{"line":95,"column":23}},"loc":{"start":{"line":95,"column":40},"end":{"line":98,"column":1}},"line":95},"5":{"name":"parseContent","decl":{"start":{"line":100,"column":16},"end":{"line":100,"column":28}},"loc":{"start":{"line":100,"column":38},"end":{"line":181,"column":1}},"line":100},"6":{"name":"(anonymous_6)","decl":{"start":{"line":106,"column":12},"end":{"line":106,"column":13}},"loc":{"start":{"line":106,"column":19},"end":{"line":106,"column":20}},"line":106},"7":{"name":"(anonymous_7)","decl":{"start":{"line":109,"column":12},"end":{"line":109,"column":13}},"loc":{"start":{"line":109,"column":29},"end":{"line":112,"column":5}},"line":109},"8":{"name":"(anonymous_8)","decl":{"start":{"line":115,"column":12},"end":{"line":115,"column":13}},"loc":{"start":{"line":115,"column":29},"end":{"line":118,"column":5}},"line":115},"9":{"name":"(anonymous_9)","decl":{"start":{"line":121,"column":12},"end":{"line":121,"column":13}},"loc":{"start":{"line":121,"column":29},"end":{"line":124,"column":5}},"line":121},"10":{"name":"(anonymous_10)","decl":{"start":{"line":126,"column":24},"end":{"line":126,"column":25}},"loc":{"start":{"line":126,"column":42},"end":{"line":178,"column":3}},"line":126},"11":{"name":"parseSeries","decl":{"start":{"line":183,"column":16},"end":{"line":183,"column":27}},"loc":{"start":{"line":183,"column":45},"end":{"line":210,"column":1}},"line":183},"12":{"name":"(anonymous_12)","decl":{"start":{"line":192,"column":25},"end":{"line":192,"column":26}},"loc":{"start":{"line":192,"column":35},"end":{"line":206,"column":9}},"line":192},"13":{"name":"(anonymous_13)","decl":{"start":{"line":212,"column":29},"end":{"line":212,"column":30}},"loc":{"start":{"line":212,"column":35},"end":{"line":216,"column":1}},"line":212},"14":{"name":"(anonymous_14)","decl":{"start":{"line":218,"column":28},"end":{"line":218,"column":29}},"loc":{"start":{"line":218,"column":39},"end":{"line":228,"column":1}},"line":218},"15":{"name":"(anonymous_15)","decl":{"start":{"line":230,"column":29},"end":{"line":230,"column":30}},"loc":{"start":{"line":230,"column":60},"end":{"line":242,"column":1}},"line":230}},"branchMap":{"0":{"loc":{"start":{"line":69,"column":2},"end":{"line":81,"column":3}},"type":"if","locations":[{"start":{"line":69,"column":2},"end":{"line":81,"column":3}},{"start":{"line":69,"column":2},"end":{"line":81,"column":3}}],"line":69},"1":{"loc":{"start":{"line":71,"column":9},"end":{"line":81,"column":3}},"type":"if","locations":[{"start":{"line":71,"column":9},"end":{"line":81,"column":3}},{"start":{"line":71,"column":9},"end":{"line":81,"column":3}}],"line":71},"2":{"loc":{"start":{"line":73,"column":9},"end":{"line":81,"column":3}},"type":"if","locations":[{"start":{"line":73,"column":9},"end":{"line":81,"column":3}},{"start":{"line":73,"column":9},"end":{"line":81,"column":3}}],"line":73},"3":{"loc":{"start":{"line":75,"column":9},"end":{"line":81,"column":3}},"type":"if","locations":[{"start":{"line":75,"column":9},"end":{"line":81,"column":3}},{"start":{"line":75,"column":9},"end":{"line":81,"column":3}}],"line":75},"4":{"loc":{"start":{"line":77,"column":9},"end":{"line":81,"column":3}},"type":"if","locations":[{"start":{"line":77,"column":9},"end":{"line":81,"column":3}},{"start":{"line":77,"column":9},"end":{"line":81,"column":3}}],"line":77},"5":{"loc":{"start":{"line":79,"column":9},"end":{"line":81,"column":3}},"type":"if","locations":[{"start":{"line":79,"column":9},"end":{"line":81,"column":3}},{"start":{"line":79,"column":9},"end":{"line":81,"column":3}}],"line":79},"6":{"loc":{"start":{"line":97,"column":9},"end":{"line":97,"column":64}},"type":"binary-expr","locations":[{"start":{"line":97,"column":10},"end":{"line":97,"column":22}},{"start":{"line":97,"column":26},"end":{"line":97,"column":57}},{"start":{"line":97,"column":62},"end":{"line":97,"column":64}}],"line":97},"7":{"loc":{"start":{"line":105,"column":17},"end":{"line":105,"column":54}},"type":"binary-expr","locations":[{"start":{"line":105,"column":17},"end":{"line":105,"column":48}},{"start":{"line":105,"column":52},"end":{"line":105,"column":54}}],"line":105},"8":{"loc":{"start":{"line":108,"column":13},"end":{"line":108,"column":44}},"type":"binary-expr","locations":[{"start":{"line":108,"column":13},"end":{"line":108,"column":38}},{"start":{"line":108,"column":42},"end":{"line":108,"column":44}}],"line":108},"9":{"loc":{"start":{"line":114,"column":13},"end":{"line":114,"column":45}},"type":"binary-expr","locations":[{"start":{"line":114,"column":13},"end":{"line":114,"column":39}},{"start":{"line":114,"column":43},"end":{"line":114,"column":45}}],"line":114},"10":{"loc":{"start":{"line":120,"column":13},"end":{"line":120,"column":49}},"type":"binary-expr","locations":[{"start":{"line":120,"column":13},"end":{"line":120,"column":43}},{"start":{"line":120,"column":47},"end":{"line":120,"column":49}}],"line":120},"11":{"loc":{"start":{"line":127,"column":4},"end":{"line":169,"column":5}},"type":"if","locations":[{"start":{"line":127,"column":4},"end":{"line":169,"column":5}},{"start":{"line":127,"column":4},"end":{"line":169,"column":5}}],"line":127},"12":{"loc":{"start":{"line":128,"column":6},"end":{"line":139,"column":7}},"type":"if","locations":[{"start":{"line":128,"column":6},"end":{"line":139,"column":7}},{"start":{"line":128,"column":6},"end":{"line":139,"column":7}}],"line":128},"13":{"loc":{"start":{"line":141,"column":6},"end":{"line":149,"column":7}},"type":"if","locations":[{"start":{"line":141,"column":6},"end":{"line":149,"column":7}},{"start":{"line":141,"column":6},"end":{"line":149,"column":7}}],"line":141},"14":{"loc":{"start":{"line":151,"column":6},"end":{"line":168,"column":7}},"type":"if","locations":[{"start":{"line":151,"column":6},"end":{"line":168,"column":7}},{"start":{"line":151,"column":6},"end":{"line":168,"column":7}}],"line":151},"15":{"loc":{"start":{"line":153,"column":8},"end":{"line":167,"column":9}},"type":"switch","locations":[{"start":{"line":154,"column":10},"end":{"line":157,"column":14}},{"start":{"line":158,"column":10},"end":{"line":161,"column":14}},{"start":{"line":162,"column":10},"end":{"line":162,"column":27}},{"start":{"line":163,"column":10},"end":{"line":166,"column":14}}],"line":153},"16":{"loc":{"start":{"line":184,"column":2},"end":{"line":186,"column":3}},"type":"if","locations":[{"start":{"line":184,"column":2},"end":{"line":186,"column":3}},{"start":{"line":184,"column":2},"end":{"line":186,"column":3}}],"line":184},"17":{"loc":{"start":{"line":184,"column":6},"end":{"line":184,"column":46}},"type":"binary-expr","locations":[{"start":{"line":184,"column":6},"end":{"line":184,"column":18}},{"start":{"line":184,"column":22},"end":{"line":184,"column":46}}],"line":184},"18":{"loc":{"start":{"line":193,"column":10},"end":{"line":199,"column":11}},"type":"if","locations":[{"start":{"line":193,"column":10},"end":{"line":199,"column":11}},{"start":{"line":193,"column":10},"end":{"line":199,"column":11}}],"line":193},"19":{"loc":{"start":{"line":222,"column":12},"end":{"line":222,"column":54}},"type":"binary-expr","locations":[{"start":{"line":222,"column":13},"end":{"line":222,"column":18}},{"start":{"line":222,"column":22},"end":{"line":222,"column":47}},{"start":{"line":222,"column":52},"end":{"line":222,"column":54}}],"line":222},"20":{"loc":{"start":{"line":235,"column":15},"end":{"line":235,"column":46}},"type":"binary-expr","locations":[{"start":{"line":235,"column":15},"end":{"line":235,"column":24}},{"start":{"line":235,"column":28},"end":{"line":235,"column":46}}],"line":235},"21":{"loc":{"start":{"line":236,"column":12},"end":{"line":236,"column":54}},"type":"binary-expr","locations":[{"start":{"line":236,"column":13},"end":{"line":236,"column":18}},{"start":{"line":236,"column":22},"end":{"line":236,"column":47}},{"start":{"line":236,"column":52},"end":{"line":236,"column":54}}],"line":236},"22":{"loc":{"start":{"line":237,"column":13},"end":{"line":237,"column":59}},"type":"binary-expr","locations":[{"start":{"line":237,"column":14},"end":{"line":237,"column":21}},{"start":{"line":237,"column":25},"end":{"line":237,"column":52}},{"start":{"line":237,"column":57},"end":{"line":237,"column":59}}],"line":237}},"s":{"0":1,"1":9,"2":1,"3":6,"4":6,"5":6,"6":6,"7":6,"8":18,"9":6,"10":12,"11":0,"12":12,"13":0,"14":12,"15":0,"16":12,"17":0,"18":12,"19":12,"20":6,"21":1,"22":2,"23":2,"24":6,"25":2,"26":1,"27":7,"28":7,"29":3,"30":3,"31":3,"32":3,"33":21,"34":3,"35":1,"36":3,"37":2,"38":3,"39":3,"40":3,"41":13,"42":6,"43":1,"44":1,"45":1,"46":5,"47":2,"48":2,"49":3,"50":3,"51":3,"52":1,"53":1,"54":1,"55":7,"56":3,"57":2,"58":1,"59":1,"60":2,"61":1,"62":1,"63":1,"64":2,"65":2,"66":2,"67":1,"68":1,"69":1,"70":1,"71":1,"72":1},"f":{"0":9,"1":6,"2":2,"3":6,"4":7,"5":3,"6":21,"7":1,"8":2,"9":3,"10":13,"11":2,"12":2,"13":2,"14":1,"15":1},"b":{"0":[6,12],"1":[0,12],"2":[0,12],"3":[0,12],"4":[0,12],"5":[12,0],"6":[7,6,1],"7":[3,0],"8":[3,2],"9":[3,2],"10":[3,2],"11":[6,7],"12":[1,5],"13":[2,3],"14":[3,0],"15":[1,1,0,1],"16":[1,1],"17":[2,1],"18":[1,1],"19":[1,1,0],"20":[1,1],"21":[1,1,0],"22":[1,0,1]},"_coverageSchema":"43e27e138ebf9cfc5966b082cf9a028302ed4184","hash":"c4bb6c4c6496370ac3055ec8179891b94ef1521c"}
}
