TN:
SF:/Users/sujin/Development/Sujin/Sujin/src/index.tsx
FNF:0
FNH:0
DA:20,0
DA:61,0
LF:2
LH:0
BRF:0
BRH:0
end_of_record
TN:
SF:/Users/sujin/Development/Sujin/Sujin/src/serviceWorker.ts
FN:30,register
FN:44,(anonymous_1)
FN:53,(anonymous_2)
FN:67,registerValidSW
FN:70,(anonymous_4)
FN:71,(anonymous_5)
FN:76,(anonymous_6)
FN:106,(anonymous_7)
FN:111,checkValidServiceWorker
FN:116,(anonymous_9)
FN:124,(anonymous_10)
FN:125,(anonymous_11)
FN:134,(anonymous_12)
FN:141,unregister
FN:144,(anonymous_14)
FN:147,(anonymous_15)
FNF:16
FNH:0
FNDA:0,register
FNDA:0,(anonymous_1)
FNDA:0,(anonymous_2)
FNDA:0,registerValidSW
FNDA:0,(anonymous_4)
FNDA:0,(anonymous_5)
FNDA:0,(anonymous_6)
FNDA:0,(anonymous_7)
FNDA:0,checkValidServiceWorker
FNDA:0,(anonymous_9)
FNDA:0,(anonymous_10)
FNDA:0,(anonymous_11)
FNDA:0,(anonymous_12)
FNDA:0,unregister
FNDA:0,(anonymous_14)
FNDA:0,(anonymous_15)
DA:15,0
DA:31,0
DA:33,0
DA:37,0
DA:41,0
DA:44,0
DA:45,0
DA:47,0
DA:49,0
DA:53,0
DA:54,0
DA:61,0
DA:68,0
DA:71,0
DA:72,0
DA:73,0
DA:74,0
DA:76,0
DA:77,0
DA:78,0
DA:82,0
DA:88,0
DA:89,0
DA:95,0
DA:98,0
DA:99,0
DA:107,0
DA:113,0
DA:118,0
DA:119,0
DA:124,0
DA:125,0
DA:126,0
DA:131,0
DA:135,0
DA:142,0
DA:143,0
DA:145,0
DA:148,0
LF:39
LH:0
BRDA:16,0,0,0
BRDA:16,0,1,0
BRDA:16,0,2,0
BRDA:31,1,0,0
BRDA:31,1,1,0
BRDA:31,2,0,0
BRDA:31,2,1,0
BRDA:37,3,0,0
BRDA:37,3,1,0
BRDA:47,4,0,0
BRDA:47,4,1,0
BRDA:73,5,0,0
BRDA:73,5,1,0
BRDA:77,6,0,0
BRDA:77,6,1,0
BRDA:78,7,0,0
BRDA:78,7,1,0
BRDA:88,8,0,0
BRDA:88,8,1,0
BRDA:88,9,0,0
BRDA:88,9,1,0
BRDA:98,10,0,0
BRDA:98,10,1,0
BRDA:98,11,0,0
BRDA:98,11,1,0
BRDA:119,12,0,0
BRDA:119,12,1,0
BRDA:120,13,0,0
BRDA:120,13,1,0
BRDA:120,13,2,0
BRDA:142,14,0,0
BRDA:142,14,1,0
BRF:32
BRH:0
end_of_record
TN:
SF:/Users/sujin/Development/Sujin/Sujin/src/components/common/Link.tsx
FN:20,(anonymous_0)
FNF:1
FNH:0
FNDA:0,(anonymous_0)
DA:20,2
DA:28,0
DA:30,0
DA:32,0
LF:4
LH:1
BRF:0
BRH:0
end_of_record
TN:
SF:/Users/sujin/Development/Sujin/Sujin/src/components/common/Loading.tsx
FN:10,(anonymous_0)
FNF:1
FNH:0
FNDA:0,(anonymous_0)
DA:10,0
DA:11,0
LF:2
LH:0
BRF:0
BRH:0
end_of_record
TN:
SF:/Users/sujin/Development/Sujin/Sujin/src/components/common/Paging.tsx
FN:15,(anonymous_0)
FN:37,(anonymous_1)
FN:48,(anonymous_2)
FNF:3
FNH:0
FNDA:0,(anonymous_0)
FNDA:0,(anonymous_1)
FNDA:0,(anonymous_2)
DA:15,0
DA:20,0
DA:22,0
DA:24,0
DA:25,0
DA:26,0
DA:30,0
DA:31,0
DA:32,0
DA:35,0
DA:37,0
DA:40,0
DA:41,0
DA:42,0
DA:46,0
DA:49,0
DA:50,0
DA:51,0
LF:18
LH:0
BRDA:17,0,0,0
BRDA:24,1,0,0
BRDA:24,1,1,0
BRDA:25,2,0,0
BRDA:25,2,1,0
BRDA:26,3,0,0
BRDA:26,3,1,0
BRDA:30,4,0,0
BRDA:30,4,1,0
BRDA:40,5,0,0
BRDA:40,5,1,0
BRDA:53,6,0,0
BRDA:53,6,1,0
BRDA:57,7,0,0
BRDA:57,7,1,0
BRDA:57,7,2,0
BRDA:63,8,0,0
BRDA:63,8,1,0
BRF:18
BRH:0
end_of_record
TN:
SF:/Users/sujin/Development/Sujin/Sujin/src/components/common/SimplePost.tsx
FN:25,(anonymous_0)
FNF:1
FNH:0
FNDA:0,(anonymous_0)
DA:25,0
DA:38,0
DA:41,0
DA:50,0
LF:4
LH:0
BRDA:37,0,0,0
BRDA:44,1,0,0
BRDA:44,1,1,0
BRDA:45,2,0,0
BRDA:45,2,1,0
BRF:5
BRH:0
end_of_record
TN:
SF:/Users/sujin/Development/Sujin/Sujin/src/components/common/Tags.tsx
FN:10,(anonymous_0)
FN:14,(anonymous_1)
FNF:2
FNH:0
FNDA:0,(anonymous_0)
FNDA:0,(anonymous_1)
DA:10,0
DA:11,0
DA:12,0
DA:15,0
LF:4
LH:0
BRDA:11,0,0,0
BRDA:11,0,1,0
BRF:2
BRH:0
end_of_record
TN:
SF:/Users/sujin/Development/Sujin/Sujin/src/components/dev-tools/CaseTool.tsx
FN:21,(anonymous_0)
FN:25,(anonymous_1)
FN:32,(anonymous_2)
FNF:3
FNH:0
FNDA:0,(anonymous_0)
FNDA:0,(anonymous_1)
FNDA:0,(anonymous_2)
DA:21,1
DA:22,0
DA:23,0
DA:25,0
DA:26,0
DA:27,0
DA:28,0
DA:29,0
DA:32,0
DA:33,0
DA:36,0
LF:11
LH:1
BRDA:81,0,0,0
BRDA:81,0,1,0
BRF:2
BRH:0
end_of_record
TN:
SF:/Users/sujin/Development/Sujin/Sujin/src/components/dev-tools/SymbolAlignment.tsx
FN:11,(anonymous_0)
FN:16,(anonymous_1)
FN:20,(anonymous_2)
FNF:3
FNH:0
FNDA:0,(anonymous_0)
FNDA:0,(anonymous_1)
FNDA:0,(anonymous_2)
DA:11,1
DA:12,0
DA:13,0
DA:14,0
DA:16,0
DA:17,0
DA:20,0
DA:21,0
DA:24,0
LF:9
LH:1
BRDA:14,0,0,0
BRDA:14,0,1,0
BRF:2
BRH:0
end_of_record
TN:
SF:/Users/sujin/Development/Sujin/Sujin/src/components/dev-tools/TextSort.tsx
FN:11,(anonymous_0)
FN:16,(anonymous_1)
FN:20,(anonymous_2)
FNF:3
FNH:0
FNDA:0,(anonymous_0)
FNDA:0,(anonymous_1)
FNDA:0,(anonymous_2)
DA:11,1
DA:12,0
DA:13,0
DA:14,0
DA:16,0
DA:17,0
DA:20,0
DA:21,0
DA:24,0
LF:9
LH:1
BRDA:14,0,0,0
BRDA:14,0,1,0
BRF:2
BRH:0
end_of_record
TN:
SF:/Users/sujin/Development/Sujin/Sujin/src/components/layout/Menu.tsx
FN:17,(anonymous_0)
FN:29,(anonymous_1)
FN:35,(anonymous_2)
FNF:3
FNH:3
FNDA:3,(anonymous_0)
FNDA:4,(anonymous_1)
FNDA:1,(anonymous_2)
DA:17,1
DA:18,3
DA:19,3
DA:21,3
DA:22,2
DA:27,1
DA:30,4
DA:36,1
LF:8
LH:8
BRDA:21,0,0,2
BRDA:21,0,1,1
BRDA:33,1,0,4
BRDA:33,1,1,1
BRF:4
BRH:4
end_of_record
TN:
SF:/Users/sujin/Development/Sujin/Sujin/src/components/layout/MenuItem.tsx
FN:15,(anonymous_0)
FNF:1
FNH:1
FNDA:5,(anonymous_0)
DA:15,1
DA:23,5
DA:25,5
LF:3
LH:3
BRDA:27,0,0,5
BRDA:27,0,1,5
BRDA:30,1,0,5
BRDA:30,1,1,1
BRDA:38,2,0,5
BRDA:38,2,1,0
BRDA:41,3,0,0
BRDA:41,3,1,0
BRF:8
BRH:5
end_of_record
TN:
SF:/Users/sujin/Development/Sujin/Sujin/src/components/layout/Search.tsx
FN:5,(anonymous_0)
FN:18,(anonymous_1)
FN:22,(anonymous_2)
FN:28,(anonymous_3)
FN:36,(anonymous_4)
FN:49,(anonymous_5)
FNF:6
FNH:0
FNDA:0,(anonymous_0)
FNDA:0,(anonymous_1)
FNDA:0,(anonymous_2)
FNDA:0,(anonymous_3)
FNDA:0,(anonymous_4)
FNDA:0,(anonymous_5)
DA:6,0
DA:8,0
DA:13,0
DA:14,0
DA:15,0
DA:19,0
DA:23,0
DA:24,0
DA:29,0
DA:31,0
DA:32,0
DA:36,0
DA:37,0
DA:38,0
DA:39,0
DA:40,0
DA:41,0
DA:46,0
DA:50,0
DA:51,0
DA:53,0
LF:21
LH:0
BRDA:23,0,0,0
BRDA:23,0,1,0
BRDA:31,1,0,0
BRDA:31,1,1,0
BRDA:31,2,0,0
BRDA:31,2,1,0
BRDA:37,3,0,0
BRDA:37,3,1,0
BRDA:51,4,0,0
BRDA:51,4,1,0
BRF:10
BRH:0
end_of_record
TN:
SF:/Users/sujin/Development/Sujin/Sujin/src/components/layout/GlobalFooter/FooterBottom.tsx
FN:11,(anonymous_0)
FNF:1
FNH:0
FNDA:0,(anonymous_0)
DA:11,0
DA:12,0
LF:2
LH:0
BRF:0
BRH:0
end_of_record
TN:
SF:/Users/sujin/Development/Sujin/Sujin/src/components/layout/GlobalFooter/index.tsx
FN:11,(anonymous_0)
FNF:1
FNH:0
FNDA:0,(anonymous_0)
DA:11,0
DA:12,0
LF:2
LH:0
BRF:0
BRH:0
end_of_record
TN:
SF:/Users/sujin/Development/Sujin/Sujin/src/components/layout/GlobalHeader/FixedHeader.tsx
FN:16,(anonymous_0)
FN:41,(anonymous_1)
FNF:2
FNH:0
FNDA:0,(anonymous_0)
FNDA:0,(anonymous_1)
DA:16,0
DA:21,0
DA:22,0
DA:24,0
DA:41,0
LF:5
LH:0
BRF:0
BRH:0
end_of_record
TN:
SF:/Users/sujin/Development/Sujin/Sujin/src/components/layout/GlobalHeader/TopHeader.tsx
FN:12,(anonymous_0)
FNF:1
FNH:0
FNDA:0,(anonymous_0)
DA:12,0
DA:24,0
DA:26,0
DA:27,0
DA:45,0
DA:54,0
LF:6
LH:0
BRDA:26,0,0,0
BRDA:26,0,1,0
BRDA:47,1,0,0
BRDA:47,1,1,0
BRDA:47,2,0,0
BRDA:47,2,1,0
BRDA:50,3,0,0
BRDA:50,3,1,0
BRDA:51,4,0,0
BRDA:51,4,1,0
BRDA:61,5,0,0
BRDA:61,5,1,0
BRDA:78,6,0,0
BRDA:78,6,1,0
BRF:14
BRH:0
end_of_record
TN:
SF:/Users/sujin/Development/Sujin/Sujin/src/components/single/Carousel.ts
FN:10,(anonymous_0)
FN:27,(anonymous_1)
FN:28,(anonymous_2)
FN:29,(anonymous_3)
FN:35,(anonymous_4)
FN:44,(anonymous_5)
FN:54,(anonymous_6)
FN:56,(anonymous_7)
FN:61,(anonymous_8)
FN:62,(anonymous_9)
FNF:10
FNH:0
FNDA:0,(anonymous_0)
FNDA:0,(anonymous_1)
FNDA:0,(anonymous_2)
FNDA:0,(anonymous_3)
FNDA:0,(anonymous_4)
FNDA:0,(anonymous_5)
FNDA:0,(anonymous_6)
FNDA:0,(anonymous_7)
FNDA:0,(anonymous_8)
FNDA:0,(anonymous_9)
DA:12,0
DA:13,0
DA:16,0
DA:19,0
DA:20,0
DA:22,0
DA:24,0
DA:28,0
DA:29,0
DA:30,0
DA:31,0
DA:35,0
DA:36,0
DA:37,0
DA:38,0
DA:39,0
DA:41,0
DA:44,0
DA:45,0
DA:46,0
DA:47,0
DA:48,0
DA:50,0
DA:55,0
DA:56,0
DA:58,0
DA:62,0
DA:63,0
DA:66,0
DA:67,0
DA:69,0
DA:70,0
LF:32
LH:0
BRDA:38,0,0,0
BRDA:38,0,1,0
BRDA:47,1,0,0
BRDA:47,1,1,0
BRF:4
BRH:0
end_of_record
TN:
SF:/Users/sujin/Development/Sujin/Sujin/src/components/single/Content.tsx
FN:19,(anonymous_0)
FN:37,(anonymous_1)
FN:44,(anonymous_2)
FNF:3
FNH:0
FNDA:0,(anonymous_0)
FNDA:0,(anonymous_1)
FNDA:0,(anonymous_2)
DA:19,0
DA:30,0
DA:32,0
DA:37,0
DA:38,0
DA:40,0
DA:41,0
DA:44,0
DA:45,0
DA:46,0
DA:48,0
DA:49,0
DA:53,0
LF:13
LH:0
BRDA:40,0,0,0
BRDA:40,0,1,0
BRDA:45,1,0,0
BRDA:45,1,1,0
BRF:4
BRH:0
end_of_record
TN:
SF:/Users/sujin/Development/Sujin/Sujin/src/components/single/Gist.tsx
FN:13,(anonymous_0)
FNF:1
FNH:0
FNDA:0,(anonymous_0)
DA:13,1
DA:14,0
DA:15,0
DA:16,0
DA:18,0
DA:19,0
DA:20,0
DA:21,0
DA:22,0
DA:23,0
DA:24,0
DA:26,0
DA:27,0
DA:28,0
DA:30,0
DA:33,0
LF:16
LH:1
BRDA:16,0,0,0
BRDA:16,0,1,0
BRDA:18,1,0,0
BRDA:18,1,1,0
BRDA:18,2,0,0
BRDA:18,2,1,0
BRDA:19,3,0,0
BRDA:19,3,1,0
BRF:8
BRH:0
end_of_record
TN:
SF:/Users/sujin/Development/Sujin/Sujin/src/components/single/PrevNext.tsx
FN:17,(anonymous_0)
FN:20,(anonymous_1)
FNF:2
FNH:0
FNDA:0,(anonymous_0)
FNDA:0,(anonymous_1)
DA:17,0
DA:18,0
DA:21,0
DA:22,0
DA:25,0
LF:5
LH:0
BRDA:21,0,0,0
BRDA:21,0,1,0
BRF:2
BRH:0
end_of_record
TN:
SF:/Users/sujin/Development/Sujin/Sujin/src/components/single/RelatedPosts.tsx
FN:15,(anonymous_0)
FN:22,(anonymous_1)
FNF:2
FNH:0
FNDA:0,(anonymous_0)
FNDA:0,(anonymous_1)
DA:15,0
DA:16,0
DA:23,0
LF:3
LH:0
BRDA:20,0,0,0
BRDA:20,0,1,0
BRF:2
BRH:0
end_of_record
TN:
SF:/Users/sujin/Development/Sujin/Sujin/src/components/single/SingleAside.tsx
FN:10,(anonymous_0)
FNF:1
FNH:0
FNDA:0,(anonymous_0)
DA:10,0
DA:11,0
LF:2
LH:0
BRF:0
BRH:0
end_of_record
TN:
SF:/Users/sujin/Development/Sujin/Sujin/src/components/single/SocialShare.tsx
FN:11,(anonymous_0)
FN:18,(anonymous_1)
FN:24,(anonymous_2)
FNF:3
FNH:0
FNDA:0,(anonymous_0)
FNDA:0,(anonymous_1)
FNDA:0,(anonymous_2)
DA:12,0
DA:14,0
DA:18,0
DA:24,0
LF:4
LH:0
BRF:0
BRH:0
end_of_record
TN:
SF:/Users/sujin/Development/Sujin/Sujin/src/components/single/TweetEmbed.tsx
FN:25,(anonymous_0)
FN:35,(anonymous_1)
FN:39,(anonymous_2)
FN:47,(anonymous_3)
FN:54,(anonymous_4)
FN:55,(anonymous_5)
FN:57,(anonymous_6)
FN:66,(anonymous_7)
FN:85,(anonymous_8)
FN:90,(anonymous_9)
FN:90,(anonymous_10)
FN:97,(anonymous_11)
FN:104,(anonymous_12)
FNF:13
FNH:0
FNDA:0,(anonymous_0)
FNDA:0,(anonymous_1)
FNDA:0,(anonymous_2)
FNDA:0,(anonymous_3)
FNDA:0,(anonymous_4)
FNDA:0,(anonymous_5)
FNDA:0,(anonymous_6)
FNDA:0,(anonymous_7)
FNDA:0,(anonymous_8)
FNDA:0,(anonymous_9)
FNDA:0,(anonymous_10)
FNDA:0,(anonymous_11)
FNDA:0,(anonymous_12)
DA:8,1
DA:26,0
DA:27,0
DA:31,0
DA:32,0
DA:36,0
DA:40,0
DA:48,0
DA:49,0
DA:55,0
DA:56,0
DA:57,0
DA:59,0
DA:60,0
DA:63,0
DA:64,0
DA:67,0
DA:74,0
DA:75,0
DA:76,0
DA:77,0
DA:79,0
DA:81,0
DA:86,0
DA:87,0
DA:88,0
DA:89,0
DA:90,0
DA:91,0
DA:93,0
DA:98,0
DA:99,0
DA:101,0
DA:105,0
LF:34
LH:1
BRDA:41,0,0,0
BRDA:41,0,1,0
BRDA:48,1,0,0
BRDA:48,1,1,0
BRDA:59,2,0,0
BRDA:59,2,1,0
BRDA:63,3,0,0
BRDA:74,4,0,0
BRDA:74,4,1,0
BRDA:74,5,0,0
BRDA:74,5,1,0
BRDA:75,6,0,0
BRDA:75,6,1,0
BRDA:77,7,0,0
BRDA:77,7,1,0
BRDA:86,8,0,0
BRDA:86,8,1,0
BRDA:108,9,0,0
BRDA:108,9,1,0
BRF:19
BRH:0
end_of_record
TN:
SF:/Users/sujin/Development/Sujin/Sujin/src/components/widgets/Flickr.tsx
FN:10,(anonymous_0)
FN:14,(anonymous_1)
FNF:2
FNH:0
FNDA:0,(anonymous_0)
FNDA:0,(anonymous_1)
DA:10,0
DA:11,0
DA:15,0
LF:3
LH:0
BRF:0
BRH:0
end_of_record
TN:
SF:/Users/sujin/Development/Sujin/Sujin/src/components/widgets/GoogleAdvert.tsx
FN:10,(anonymous_0)
FN:19,(anonymous_1)
FNF:2
FNH:0
FNDA:0,(anonymous_0)
FNDA:0,(anonymous_1)
DA:10,0
DA:15,0
DA:17,0
DA:19,0
DA:20,0
DA:21,0
DA:24,0
DA:26,0
DA:27,0
DA:30,0
DA:31,0
DA:34,0
DA:37,0
DA:38,0
DA:41,0
LF:15
LH:0
BRDA:20,0,0,0
BRDA:20,0,1,0
BRDA:26,1,0,0
BRDA:26,1,1,0
BRDA:30,2,0,0
BRDA:30,2,1,0
BRDA:34,3,0,0
BRDA:34,3,1,0
BRDA:37,4,0,0
BRDA:37,4,1,0
BRDA:37,5,0,0
BRDA:37,5,1,0
BRDA:49,6,0,0
BRDA:49,6,1,0
BRF:14
BRH:0
end_of_record
TN:
SF:/Users/sujin/Development/Sujin/Sujin/src/components/widgets/RecentPosts.tsx
FN:9,(anonymous_0)
FN:20,(anonymous_1)
FNF:2
FNH:0
FNDA:0,(anonymous_0)
FNDA:0,(anonymous_1)
DA:9,0
DA:10,0
DA:12,0
DA:13,0
DA:18,0
DA:21,0
LF:6
LH:0
BRDA:12,0,0,0
BRDA:12,0,1,0
BRF:2
BRH:0
end_of_record
TN:
SF:/Users/sujin/Development/Sujin/Sujin/src/components/widgets/TagCloud.tsx
FN:8,(anonymous_0)
FNF:1
FNH:0
FNDA:0,(anonymous_0)
DA:8,0
DA:9,0
LF:2
LH:0
BRF:0
BRH:0
end_of_record
TN:
SF:/Users/sujin/Development/Sujin/Sujin/src/components/widgets/index.tsx
FN:15,(anonymous_0)
FN:18,(anonymous_1)
FNF:2
FNH:0
FNDA:0,(anonymous_0)
FNDA:0,(anonymous_1)
DA:15,0
DA:16,0
DA:19,0
LF:3
LH:0
BRDA:18,0,0,0
BRDA:18,0,1,0
BRDA:21,1,0,0
BRDA:21,1,1,0
BRDA:23,2,0,0
BRDA:23,2,1,0
BRDA:26,3,0,0
BRDA:26,3,1,0
BRDA:29,4,0,0
BRDA:29,4,1,0
BRDA:36,5,0,0
BRDA:36,5,1,0
BRDA:41,6,0,0
BRDA:41,6,1,0
BRF:14
BRH:0
end_of_record
TN:
SF:/Users/sujin/Development/Sujin/Sujin/src/constants/common.ts
FNF:0
FNH:0
DA:3,0
DA:4,0
LF:2
LH:0
BRF:0
BRH:0
end_of_record
TN:
SF:/Users/sujin/Development/Sujin/Sujin/src/constants/dom.ts
FNF:0
FNH:0
DA:1,1
DA:7,1
DA:12,1
LF:3
LH:3
BRF:0
BRH:0
end_of_record
TN:
SF:/Users/sujin/Development/Sujin/Sujin/src/constants/enum.ts
FN:24,(anonymous_0)
FNF:1
FNH:1
FNDA:3,(anonymous_0)
DA:24,1
DA:25,3
LF:2
LH:2
BRDA:25,0,0,3
BRDA:25,0,1,2
BRDA:25,0,2,1
BRF:3
BRH:3
end_of_record
TN:
SF:/Users/sujin/Development/Sujin/Sujin/src/scenes/public/Archive.tsx
FN:23,(anonymous_0)
FN:43,(anonymous_1)
FNF:2
FNH:0
FNDA:0,(anonymous_0)
FNDA:0,(anonymous_1)
DA:23,0
DA:24,0
DA:25,0
DA:27,0
DA:28,0
DA:33,0
DA:34,0
DA:39,0
DA:44,0
LF:9
LH:0
BRDA:27,0,0,0
BRDA:27,0,1,0
BRDA:33,1,0,0
BRDA:33,1,1,0
BRDA:41,2,0,0
BRDA:41,2,1,0
BRDA:41,2,2,0
BRDA:53,3,0,0
BRDA:53,3,1,0
BRF:9
BRH:0
end_of_record
TN:
SF:/Users/sujin/Development/Sujin/Sujin/src/scenes/public/FrontPage.tsx
FN:15,(anonymous_0)
FNF:1
FNH:0
FNDA:0,(anonymous_0)
DA:15,0
DA:16,0
DA:17,0
DA:22,0
DA:24,0
DA:25,0
DA:28,0
DA:29,0
DA:36,0
DA:37,0
DA:44,0
LF:11
LH:0
BRDA:24,0,0,0
BRDA:24,0,1,0
BRDA:28,1,0,0
BRDA:28,1,1,0
BRDA:36,2,0,0
BRDA:36,2,1,0
BRF:6
BRH:0
end_of_record
TN:
SF:/Users/sujin/Development/Sujin/Sujin/src/scenes/public/NotFound.tsx
FN:15,(anonymous_0)
FNF:1
FNH:0
FNDA:0,(anonymous_0)
DA:15,0
DA:16,0
LF:2
LH:0
BRF:0
BRH:0
end_of_record
TN:
SF:/Users/sujin/Development/Sujin/Sujin/src/scenes/public/Page.tsx
FN:17,(anonymous_0)
FNF:1
FNH:0
FNDA:0,(anonymous_0)
DA:17,0
DA:18,0
DA:19,0
DA:21,0
DA:22,0
DA:27,0
DA:28,0
DA:33,0
LF:8
LH:0
BRDA:21,0,0,0
BRDA:21,0,1,0
BRDA:27,1,0,0
BRDA:27,1,1,0
BRF:4
BRH:0
end_of_record
TN:
SF:/Users/sujin/Development/Sujin/Sujin/src/scenes/public/Post.tsx
FN:32,(anonymous_0)
FNF:1
FNH:0
FNDA:0,(anonymous_0)
DA:32,0
DA:33,0
DA:34,0
DA:36,0
DA:37,0
DA:42,0
DA:43,0
DA:52,0
DA:54,0
LF:9
LH:0
BRDA:36,0,0,0
BRDA:36,0,1,0
BRDA:42,1,0,0
BRDA:42,1,1,0
BRF:4
BRH:0
end_of_record
TN:
SF:/Users/sujin/Development/Sujin/Sujin/src/scenes/public/index.tsx
FN:19,(anonymous_0)
FNF:1
FNH:0
FNDA:0,(anonymous_0)
DA:19,0
DA:20,0
DA:22,0
LF:3
LH:0
BRF:0
BRH:0
end_of_record
TN:
SF:/Users/sujin/Development/Sujin/Sujin/src/store/actions.ts
FN:19,(anonymous_0)
FN:27,(anonymous_1)
FN:35,(anonymous_2)
FN:43,(anonymous_3)
FN:52,(anonymous_4)
FN:61,(anonymous_5)
FN:70,(anonymous_6)
FN:78,(anonymous_7)
FN:85,(anonymous_8)
FN:93,(anonymous_9)
FN:100,(anonymous_10)
FN:110,(anonymous_11)
FN:121,(anonymous_12)
FNF:13
FNH:2
FNDA:0,(anonymous_0)
FNDA:0,(anonymous_1)
FNDA:1,(anonymous_2)
FNDA:1,(anonymous_3)
FNDA:0,(anonymous_4)
FNDA:0,(anonymous_5)
FNDA:0,(anonymous_6)
FNDA:0,(anonymous_7)
FNDA:0,(anonymous_8)
FNDA:0,(anonymous_9)
FNDA:0,(anonymous_10)
FNDA:0,(anonymous_11)
FNDA:0,(anonymous_12)
DA:5,1
DA:6,1
DA:7,1
DA:8,1
DA:9,1
DA:10,1
DA:11,1
DA:12,1
DA:13,1
DA:14,1
DA:15,1
DA:16,1
DA:17,1
DA:19,1
DA:20,0
DA:21,0
DA:27,1
DA:28,0
DA:29,0
DA:35,1
DA:36,1
DA:37,1
DA:43,1
DA:44,1
DA:45,1
DA:52,1
DA:53,0
DA:54,0
DA:61,1
DA:62,0
DA:63,0
DA:70,1
DA:71,0
DA:72,0
DA:78,1
DA:79,0
DA:80,0
DA:85,1
DA:86,0
DA:87,0
DA:93,1
DA:94,0
DA:95,0
DA:100,1
DA:101,0
DA:102,0
DA:110,1
DA:111,0
DA:112,0
DA:121,1
DA:122,0
DA:123,0
LF:52
LH:30
BRF:0
BRH:0
end_of_record
TN:
SF:/Users/sujin/Development/Sujin/Sujin/src/store/index.tsx
FN:5,(anonymous_0)
FNF:1
FNH:1
FNDA:3,(anonymous_0)
DA:5,1
DA:6,3
DA:7,3
DA:14,1
LF:4
LH:4
BRF:0
BRH:0
end_of_record
TN:
SF:/Users/sujin/Development/Sujin/Sujin/src/store/reducer.ts
FN:66,(anonymous_0)
FN:90,(anonymous_1)
FN:99,(anonymous_2)
FNF:3
FNH:3
FNDA:4,(anonymous_0)
FNDA:5,(anonymous_1)
FNDA:2,(anonymous_2)
DA:61,1
DA:67,4
DA:91,5
DA:99,1
DA:100,2
DA:102,0
DA:111,0
DA:120,1
DA:129,1
DA:138,0
DA:147,0
DA:156,0
DA:165,0
DA:171,0
DA:172,0
DA:178,0
DA:186,0
DA:188,0
DA:190,0
DA:191,0
DA:193,0
DA:194,0
DA:196,0
DA:197,0
DA:200,0
DA:212,0
LF:26
LH:7
BRDA:99,0,0,0
BRDA:100,1,0,0
BRDA:100,1,1,0
BRDA:100,1,2,1
BRDA:100,1,3,1
BRDA:100,1,4,0
BRDA:100,1,5,0
BRDA:100,1,6,0
BRDA:100,1,7,0
BRDA:100,1,8,0
BRDA:100,1,9,0
BRDA:100,1,10,0
BRDA:100,1,11,0
BRDA:100,1,12,0
BRDA:100,1,13,0
BRDA:174,2,0,0
BRDA:174,2,1,0
BRDA:180,3,0,0
BRDA:180,3,1,0
BRDA:186,4,0,0
BRDA:186,4,1,0
BRDA:188,5,0,0
BRDA:188,5,1,0
BRDA:188,5,2,0
BRF:24
BRH:2
end_of_record
TN:
SF:/Users/sujin/Development/Sujin/Sujin/src/store/hooks/archive.ts
FN:42,(anonymous_0)
FN:48,(anonymous_1)
FN:62,(anonymous_2)
FN:64,(anonymous_3)
FN:83,(anonymous_4)
FN:91,(anonymous_5)
FN:95,(anonymous_6)
FN:131,(anonymous_7)
FNF:8
FNH:0
FNDA:0,(anonymous_0)
FNDA:0,(anonymous_1)
FNDA:0,(anonymous_2)
FNDA:0,(anonymous_3)
FNDA:0,(anonymous_4)
FNDA:0,(anonymous_5)
FNDA:0,(anonymous_6)
FNDA:0,(anonymous_7)
DA:37,0
DA:39,0
DA:42,0
DA:43,0
DA:44,0
DA:45,0
DA:48,0
DA:49,0
DA:50,0
DA:53,0
DA:54,0
DA:59,0
DA:61,0
DA:63,0
DA:64,0
DA:65,0
DA:66,0
DA:71,0
DA:74,0
DA:80,0
DA:82,0
DA:84,0
DA:87,0
DA:91,0
DA:92,0
DA:93,0
DA:95,0
DA:96,0
DA:97,0
DA:101,0
DA:110,0
DA:116,0
DA:128,0
DA:131,0
DA:132,0
DA:133,0
LF:36
LH:0
BRDA:44,0,0,0
BRDA:44,0,1,0
BRDA:49,1,0,0
BRDA:49,1,1,0
BRDA:49,2,0,0
BRDA:49,2,1,0
BRDA:53,3,0,0
BRDA:53,3,1,0
BRDA:63,4,0,0
BRDA:63,4,1,0
BRDA:93,5,0,0
BRDA:93,5,1,0
BRDA:93,5,2,0
BRDA:96,6,0,0
BRDA:96,6,1,0
BRDA:96,7,0,0
BRDA:96,7,1,0
BRDA:131,8,0,0
BRDA:131,9,0,0
BRF:19
BRH:0
end_of_record
TN:
SF:/Users/sujin/Development/Sujin/Sujin/src/store/hooks/global.ts
FN:32,(anonymous_0)
FN:36,(anonymous_1)
FN:37,handleScrollChange
FN:53,(anonymous_3)
FN:58,(anonymous_4)
FN:64,(anonymous_5)
FN:67,(anonymous_6)
FN:75,(anonymous_7)
FN:78,(anonymous_8)
FN:83,(anonymous_9)
FN:90,(anonymous_10)
FN:93,(anonymous_11)
FNF:12
FNH:0
FNDA:0,(anonymous_0)
FNDA:0,(anonymous_1)
FNDA:0,handleScrollChange
FNDA:0,(anonymous_3)
FNDA:0,(anonymous_4)
FNDA:0,(anonymous_5)
FNDA:0,(anonymous_6)
FNDA:0,(anonymous_7)
FNDA:0,(anonymous_8)
FNDA:0,(anonymous_9)
FNDA:0,(anonymous_10)
FNDA:0,(anonymous_11)
DA:30,0
DA:32,0
DA:33,0
DA:34,0
DA:36,0
DA:38,0
DA:40,0
DA:41,0
DA:46,0
DA:47,0
DA:53,0
DA:56,0
DA:58,0
DA:64,0
DA:65,0
DA:67,0
DA:68,0
DA:69,0
DA:72,0
DA:74,0
DA:76,0
DA:77,0
DA:78,0
DA:80,0
DA:82,0
DA:84,0
DA:85,0
DA:90,0
DA:91,0
DA:93,0
DA:100,0
DA:102,0
DA:103,0
DA:109,0
DA:120,0
DA:121,0
DA:126,0
DA:127,0
LF:38
LH:0
BRDA:40,0,0,0
BRDA:40,0,1,0
BRDA:40,1,0,0
BRDA:40,1,1,0
BRDA:46,2,0,0
BRDA:46,2,1,0
BRDA:46,3,0,0
BRDA:46,3,1,0
BRDA:68,4,0,0
BRDA:68,4,1,0
BRDA:76,5,0,0
BRDA:76,5,1,0
BRDA:102,6,0,0
BRDA:102,6,1,0
BRDA:120,7,0,0
BRDA:120,7,1,0
BRDA:126,8,0,0
BRDA:126,8,1,0
BRF:18
BRH:0
end_of_record
TN:
SF:/Users/sujin/Development/Sujin/Sujin/src/store/hooks/menu.ts
FN:21,(anonymous_0)
FN:24,(anonymous_1)
FN:32,(anonymous_2)
FN:36,(anonymous_3)
FN:40,(anonymous_4)
FNF:5
FNH:4
FNDA:3,(anonymous_0)
FNDA:1,(anonymous_1)
FNDA:1,(anonymous_2)
FNDA:4,(anonymous_3)
FNDA:0,(anonymous_4)
DA:19,1
DA:21,1
DA:22,3
DA:24,3
DA:25,1
DA:26,0
DA:29,1
DA:31,1
DA:33,1
DA:34,1
DA:36,4
DA:38,1
DA:41,0
DA:44,1
DA:47,3
LF:15
LH:13
BRDA:25,0,0,0
BRDA:25,0,1,1
BRDA:33,1,0,1
BRDA:33,1,1,0
BRF:4
BRH:2
end_of_record
TN:
SF:/Users/sujin/Development/Sujin/Sujin/src/store/hooks/single.ts
FN:37,(anonymous_0)
FN:42,(anonymous_1)
FN:54,(anonymous_2)
FN:63,(anonymous_3)
FN:71,(anonymous_4)
FN:75,(anonymous_5)
FN:111,(anonymous_6)
FNF:7
FNH:0
FNDA:0,(anonymous_0)
FNDA:0,(anonymous_1)
FNDA:0,(anonymous_2)
FNDA:0,(anonymous_3)
FNDA:0,(anonymous_4)
FNDA:0,(anonymous_5)
FNDA:0,(anonymous_6)
DA:28,0
DA:35,0
DA:37,0
DA:38,0
DA:39,0
DA:42,0
DA:43,0
DA:44,0
DA:47,0
DA:51,0
DA:53,0
DA:55,0
DA:56,0
DA:60,0
DA:62,0
DA:64,0
DA:67,0
DA:71,0
DA:72,0
DA:73,0
DA:75,0
DA:76,0
DA:77,0
DA:81,0
DA:90,0
DA:96,0
DA:108,0
DA:111,0
DA:112,0
DA:113,0
LF:30
LH:0
BRDA:43,0,0,0
BRDA:43,0,1,0
BRDA:43,1,0,0
BRDA:43,1,1,0
BRDA:55,2,0,0
BRDA:55,2,1,0
BRDA:76,3,0,0
BRDA:76,3,1,0
BRDA:98,4,0,0
BRDA:98,4,1,0
BRDA:100,5,0,0
BRDA:100,5,1,0
BRDA:104,6,0,0
BRDA:104,6,1,0
BRF:14
BRH:0
end_of_record
TN:
SF:/Users/sujin/Development/Sujin/Sujin/src/store/items/archive.ts
FN:33,(anonymous_0)
FN:40,(anonymous_1)
FNF:2
FNH:0
FNDA:0,(anonymous_0)
FNDA:0,(anonymous_1)
DA:34,0
DA:35,0
DA:36,0
DA:37,0
DA:38,0
DA:40,0
LF:6
LH:0
BRDA:34,0,0,0
BRDA:34,0,1,0
BRDA:35,1,0,0
BRDA:35,1,1,0
BRDA:38,2,0,0
BRDA:38,2,1,0
BRF:6
BRH:0
end_of_record
TN:
SF:/Users/sujin/Development/Sujin/Sujin/src/store/items/background.ts
FN:10,(anonymous_0)
FN:16,(anonymous_1)
FNF:2
FNH:0
FNDA:0,(anonymous_0)
FNDA:0,(anonymous_1)
DA:11,0
DA:12,0
DA:13,0
DA:17,0
LF:4
LH:0
BRF:0
BRH:0
end_of_record
TN:
SF:/Users/sujin/Development/Sujin/Sujin/src/store/items/flickr.ts
FN:25,(anonymous_0)
FN:31,(anonymous_1)
FNF:2
FNH:0
FNDA:0,(anonymous_0)
FNDA:0,(anonymous_1)
DA:26,0
DA:27,0
DA:28,0
DA:32,0
LF:4
LH:0
BRF:0
BRH:0
end_of_record
TN:
SF:/Users/sujin/Development/Sujin/Sujin/src/store/items/image.ts
FN:23,(anonymous_0)
FNF:1
FNH:0
FNDA:0,(anonymous_0)
DA:24,0
DA:25,0
DA:26,0
DA:27,0
DA:28,0
DA:29,0
DA:32,0
DA:33,0
DA:34,0
DA:35,0
LF:10
LH:0
BRDA:24,0,0,0
BRDA:24,0,1,0
BRF:2
BRH:0
end_of_record
TN:
SF:/Users/sujin/Development/Sujin/Sujin/src/store/items/menu.ts
FN:38,(anonymous_0)
FN:44,(anonymous_1)
FNF:2
FNH:2
FNDA:5,(anonymous_0)
FNDA:1,(anonymous_1)
DA:39,5
DA:40,5
DA:41,5
DA:42,5
DA:43,5
DA:44,5
DA:45,5
LF:7
LH:7
BRF:0
BRH:0
end_of_record
TN:
SF:/Users/sujin/Development/Sujin/Sujin/src/store/items/post.ts
FN:37,(anonymous_0)
FN:43,(anonymous_1)
FN:48,(anonymous_2)
FNF:3
FNH:0
FNDA:0,(anonymous_0)
FNDA:0,(anonymous_1)
FNDA:0,(anonymous_2)
DA:38,0
DA:40,0
DA:41,0
DA:43,0
DA:44,0
DA:48,0
DA:50,0
LF:7
LH:0
BRDA:45,0,0,0
BRDA:45,0,1,0
BRDA:46,1,0,0
BRDA:46,1,1,0
BRF:4
BRH:0
end_of_record
TN:
SF:/Users/sujin/Development/Sujin/Sujin/src/store/items/simple-post.ts
FN:53,(anonymous_0)
FN:71,(anonymous_1)
FN:74,(anonymous_2)
FNF:3
FNH:0
FNDA:0,(anonymous_0)
FNDA:0,(anonymous_1)
FNDA:0,(anonymous_2)
DA:54,0
DA:55,0
DA:56,0
DA:57,0
DA:58,0
DA:60,0
DA:69,0
DA:70,0
DA:71,0
DA:75,0
DA:77,0
LF:11
LH:0
BRDA:71,0,0,0
BRDA:71,0,1,0
BRDA:71,0,2,0
BRF:3
BRH:0
end_of_record
TN:
SF:/Users/sujin/Development/Sujin/Sujin/src/store/items/term.ts
FN:19,(anonymous_0)
FNF:1
FNH:0
FNDA:0,(anonymous_0)
DA:20,0
DA:21,0
DA:22,0
LF:3
LH:0
BRF:0
BRH:0
end_of_record
TN:
SF:/Users/sujin/Development/Sujin/Sujin/src/store/items/interface/archive.ts
FNF:0
FNH:0
LF:0
LH:0
BRF:0
BRH:0
end_of_record
TN:
SF:/Users/sujin/Development/Sujin/Sujin/src/store/items/interface/background.ts
FNF:0
FNH:0
LF:0
LH:0
BRF:0
BRH:0
end_of_record
TN:
SF:/Users/sujin/Development/Sujin/Sujin/src/store/items/interface/flickr.ts
FNF:0
FNH:0
LF:0
LH:0
BRF:0
BRH:0
end_of_record
TN:
SF:/Users/sujin/Development/Sujin/Sujin/src/store/items/interface/image.ts
FNF:0
FNH:0
LF:0
LH:0
BRF:0
BRH:0
end_of_record
TN:
SF:/Users/sujin/Development/Sujin/Sujin/src/store/items/interface/index.ts
FNF:0
FNH:0
LF:0
LH:0
BRF:0
BRH:0
end_of_record
TN:
SF:/Users/sujin/Development/Sujin/Sujin/src/store/items/interface/menu.ts
FNF:0
FNH:0
LF:0
LH:0
BRF:0
BRH:0
end_of_record
TN:
SF:/Users/sujin/Development/Sujin/Sujin/src/store/items/interface/post.ts
FNF:0
FNH:0
LF:0
LH:0
BRF:0
BRH:0
end_of_record
TN:
SF:/Users/sujin/Development/Sujin/Sujin/src/store/items/interface/simple-post.ts
FNF:0
FNH:0
LF:0
LH:0
BRF:0
BRH:0
end_of_record
TN:
SF:/Users/sujin/Development/Sujin/Sujin/src/store/items/interface/term.ts
FNF:0
FNH:0
LF:0
LH:0
BRF:0
BRH:0
end_of_record
TN:
SF:/Users/sujin/Development/Sujin/Sujin/src/store/items/schema/archive.ts
FNF:0
FNH:0
LF:0
LH:0
BRF:0
BRH:0
end_of_record
TN:
SF:/Users/sujin/Development/Sujin/Sujin/src/store/items/schema/background.ts
FNF:0
FNH:0
LF:0
LH:0
BRF:0
BRH:0
end_of_record
TN:
SF:/Users/sujin/Development/Sujin/Sujin/src/store/items/schema/flickr.ts
FNF:0
FNH:0
LF:0
LH:0
BRF:0
BRH:0
end_of_record
TN:
SF:/Users/sujin/Development/Sujin/Sujin/src/store/items/schema/image.ts
FNF:0
FNH:0
LF:0
LH:0
BRF:0
BRH:0
end_of_record
TN:
SF:/Users/sujin/Development/Sujin/Sujin/src/store/items/schema/menu.ts
FNF:0
FNH:0
LF:0
LH:0
BRF:0
BRH:0
end_of_record
TN:
SF:/Users/sujin/Development/Sujin/Sujin/src/store/items/schema/post.ts
FNF:0
FNH:0
LF:0
LH:0
BRF:0
BRH:0
end_of_record
TN:
SF:/Users/sujin/Development/Sujin/Sujin/src/store/items/schema/simple-post.ts
FNF:0
FNH:0
LF:0
LH:0
BRF:0
BRH:0
end_of_record
TN:
SF:/Users/sujin/Development/Sujin/Sujin/src/store/items/schema/term.ts
FNF:0
FNH:0
LF:0
LH:0
BRF:0
BRH:0
end_of_record
TN:
SF:/Users/sujin/Development/Sujin/Sujin/src/store/items/test-data/archive.spec.data.ts
FNF:0
FNH:0
DA:4,0
DA:17,0
LF:2
LH:0
BRF:0
BRH:0
end_of_record
TN:
SF:/Users/sujin/Development/Sujin/Sujin/src/store/items/test-data/background.spec.data.ts
FNF:0
FNH:0
DA:3,0
DA:8,0
DA:13,0
DA:18,0
DA:23,0
DA:28,0
DA:33,0
DA:38,0
DA:43,0
DA:49,0
DA:61,0
LF:11
LH:0
BRF:0
BRH:0
end_of_record
TN:
SF:/Users/sujin/Development/Sujin/Sujin/src/store/items/test-data/flickr.spec.data.ts
FNF:0
FNH:0
DA:3,0
DA:14,0
DA:25,0
DA:36,0
DA:47,0
DA:58,0
DA:69,0
DA:80,0
DA:91,0
DA:102,0
DA:113,0
DA:124,0
DA:136,0
DA:151,0
LF:14
LH:0
BRF:0
BRH:0
end_of_record
TN:
SF:/Users/sujin/Development/Sujin/Sujin/src/store/items/test-data/menu.spec.data.ts
FNF:0
FNH:0
DA:3,1
DA:12,1
DA:21,1
DA:40,1
DA:50,1
LF:5
LH:5
BRF:0
BRH:0
end_of_record
TN:
SF:/Users/sujin/Development/Sujin/Sujin/src/store/items/test-data/post.spec.data.ts
FNF:0
FNH:0
DA:3,0
DA:533,0
LF:2
LH:0
BRF:0
BRH:0
end_of_record
TN:
SF:/Users/sujin/Development/Sujin/Sujin/src/store/items/test-data/simple-post.spec.data.ts
FNF:0
FNH:0
DA:6,0
DA:8,0
LF:2
LH:0
BRF:0
BRH:0
end_of_record
TN:
SF:/Users/sujin/Development/Sujin/Sujin/src/utils/common.ts
FN:8,(anonymous_0)
FN:17,(anonymous_1)
FN:32,(anonymous_2)
FN:47,(anonymous_3)
FN:54,(anonymous_4)
FNF:5
FNH:4
FNDA:18,(anonymous_0)
FNDA:0,(anonymous_1)
FNDA:2,(anonymous_2)
FNDA:7,(anonymous_3)
FNDA:2,(anonymous_4)
DA:8,2
DA:9,18
DA:11,18
DA:12,18
DA:14,18
DA:17,2
DA:25,0
DA:26,0
DA:29,0
DA:32,2
DA:33,2
DA:34,1
DA:35,1
DA:38,1
DA:39,1
DA:40,1
DA:41,1
DA:42,1
DA:44,1
DA:47,2
DA:48,7
DA:49,6
DA:51,1
DA:54,2
DA:55,2
DA:57,2
DA:58,2
DA:62,0
DA:63,0
DA:67,0
LF:30
LH:24
BRDA:9,0,0,18
BRDA:9,0,1,0
BRDA:9,0,2,0
BRDA:14,1,0,18
BRDA:14,1,1,11
BRDA:22,2,0,0
BRDA:23,3,0,0
BRDA:25,4,0,0
BRDA:25,4,1,0
BRDA:26,5,0,0
BRDA:26,5,1,0
BRDA:26,5,2,0
BRDA:26,5,3,0
BRDA:29,6,0,0
BRDA:29,6,1,0
BRDA:29,6,2,0
BRDA:29,6,3,0
BRDA:32,7,0,1
BRDA:33,8,0,1
BRDA:33,8,1,1
BRDA:41,9,0,1
BRDA:41,9,1,1
BRDA:41,9,2,1
BRDA:42,10,0,1
BRDA:42,10,1,1
BRDA:42,10,2,1
BRDA:48,11,0,6
BRDA:48,11,1,1
BRDA:48,12,0,7
BRDA:48,12,1,6
BRDA:51,13,0,1
BRDA:51,13,1,1
BRDA:51,13,2,0
BRDA:54,14,0,2
BRDA:55,15,0,2
BRDA:57,16,0,2
BRDA:57,16,1,0
BRF:37
BRH:21
end_of_record
TN:
SF:/Users/sujin/Development/Sujin/Sujin/src/utils/dev-tools.ts
FN:4,(anonymous_0)
FN:9,(anonymous_1)
FN:13,(anonymous_2)
FN:31,(anonymous_3)
FN:37,(anonymous_4)
FN:38,(anonymous_5)
FN:46,(anonymous_6)
FN:46,(anonymous_7)
FN:51,(anonymous_8)
FN:51,(anonymous_9)
FN:56,(anonymous_10)
FN:56,(anonymous_11)
FN:61,(anonymous_12)
FN:61,(anonymous_13)
FN:66,(anonymous_14)
FN:66,(anonymous_15)
FN:71,(anonymous_16)
FN:71,(anonymous_17)
FN:76,(anonymous_18)
FN:76,(anonymous_19)
FN:78,(anonymous_20)
FN:80,(anonymous_21)
FN:84,(anonymous_22)
FN:90,(anonymous_23)
FN:122,(anonymous_24)
FNF:25
FNH:25
FNDA:30,(anonymous_0)
FNDA:1,(anonymous_1)
FNDA:67,(anonymous_2)
FNDA:19,(anonymous_3)
FNDA:1,(anonymous_4)
FNDA:10,(anonymous_5)
FNDA:1,(anonymous_6)
FNDA:10,(anonymous_7)
FNDA:1,(anonymous_8)
FNDA:10,(anonymous_9)
FNDA:1,(anonymous_10)
FNDA:10,(anonymous_11)
FNDA:1,(anonymous_12)
FNDA:10,(anonymous_13)
FNDA:1,(anonymous_14)
FNDA:10,(anonymous_15)
FNDA:1,(anonymous_16)
FNDA:10,(anonymous_17)
FNDA:1,(anonymous_18)
FNDA:10,(anonymous_19)
FNDA:1,(anonymous_20)
FNDA:9,(anonymous_21)
FNDA:1,(anonymous_22)
FNDA:9,(anonymous_23)
FNDA:9,(anonymous_24)
DA:4,30
DA:9,2
DA:10,1
DA:11,1
DA:13,1
DA:14,67
DA:16,67
DA:17,49
DA:18,18
DA:19,4
DA:20,0
DA:22,4
DA:25,14
DA:28,67
DA:31,19
DA:37,2
DA:38,10
DA:39,1
DA:40,1
DA:46,10
DA:51,10
DA:56,10
DA:61,10
DA:66,10
DA:71,10
DA:76,10
DA:78,2
DA:80,9
DA:84,2
DA:85,1
DA:86,1
DA:88,1
DA:91,9
DA:96,9
DA:98,9
DA:99,147
DA:101,64
DA:102,9
DA:103,0
DA:105,9
DA:110,64
DA:111,64
DA:112,9
DA:113,9
DA:114,2
DA:120,9
DA:124,9
DA:125,0
DA:128,9
DA:129,9
DA:130,9
DA:131,9
DA:132,9
LF:53
LH:50
BRDA:16,0,0,49
BRDA:16,0,1,18
BRDA:18,1,0,4
BRDA:18,1,1,14
BRDA:19,2,0,0
BRDA:19,2,1,4
BRDA:80,3,0,9
BRDA:80,3,1,0
BRDA:80,3,2,9
BRDA:99,4,0,64
BRDA:99,4,1,83
BRDA:101,5,0,9
BRDA:101,5,1,55
BRDA:102,6,0,0
BRDA:102,6,1,9
BRDA:102,7,0,9
BRDA:102,7,1,9
BRDA:111,8,0,9
BRDA:111,8,1,55
BRDA:111,9,0,64
BRDA:111,9,1,9
BRDA:113,10,0,2
BRDA:113,10,1,7
BRDA:113,11,0,9
BRDA:113,11,1,1
BRDA:124,12,0,0
BRDA:124,12,1,9
BRF:27
BRH:23
end_of_record
TN:
SF:/Users/sujin/Development/Sujin/Sujin/src/utils/single.tsx
FN:25,(anonymous_0)
FN:40,(anonymous_1)
FN:89,(anonymous_2)
FN:91,(anonymous_3)
FN:95,(anonymous_4)
FN:100,parseContent
FN:106,(anonymous_6)
FN:109,(anonymous_7)
FN:115,(anonymous_8)
FN:121,(anonymous_9)
FN:126,(anonymous_10)
FN:183,parseSeries
FN:192,(anonymous_12)
FN:212,(anonymous_13)
FN:218,(anonymous_14)
FN:230,(anonymous_15)
FNF:16
FNH:16
FNDA:9,(anonymous_0)
FNDA:6,(anonymous_1)
FNDA:2,(anonymous_2)
FNDA:6,(anonymous_3)
FNDA:7,(anonymous_4)
FNDA:3,parseContent
FNDA:21,(anonymous_6)
FNDA:1,(anonymous_7)
FNDA:2,(anonymous_8)
FNDA:3,(anonymous_9)
FNDA:13,(anonymous_10)
FNDA:2,parseSeries
FNDA:2,(anonymous_12)
FNDA:2,(anonymous_13)
FNDA:1,(anonymous_14)
FNDA:1,(anonymous_15)
DA:25,1
DA:26,9
DA:40,1
DA:41,6
DA:42,6
DA:58,6
DA:61,6
DA:68,6
DA:69,18
DA:70,6
DA:71,12
DA:72,0
DA:73,12
DA:74,0
DA:75,12
DA:76,0
DA:77,12
DA:78,0
DA:79,12
DA:80,12
DA:86,6
DA:89,1
DA:90,2
DA:91,6
DA:92,2
DA:95,1
DA:96,7
DA:97,7
DA:101,3
DA:102,3
DA:104,3
DA:105,3
DA:106,21
DA:108,3
DA:109,1
DA:114,3
DA:115,2
DA:120,3
DA:121,3
DA:126,3
DA:127,13
DA:128,6
DA:129,1
DA:130,1
DA:132,1
DA:141,5
DA:142,2
DA:143,2
DA:151,3
DA:152,3
DA:153,3
DA:155,1
DA:159,1
DA:164,1
DA:171,7
DA:180,3
DA:184,2
DA:185,1
DA:188,1
DA:193,2
DA:194,1
DA:201,1
DA:212,1
DA:213,2
DA:214,2
DA:215,2
DA:218,1
DA:219,1
DA:227,1
DA:230,1
DA:231,1
DA:241,1
LF:72
LH:68
BRDA:69,0,0,6
BRDA:69,0,1,12
BRDA:71,1,0,0
BRDA:71,1,1,12
BRDA:73,2,0,0
BRDA:73,2,1,12
BRDA:75,3,0,0
BRDA:75,3,1,12
BRDA:77,4,0,0
BRDA:77,4,1,12
BRDA:79,5,0,12
BRDA:79,5,1,0
BRDA:97,6,0,7
BRDA:97,6,1,6
BRDA:97,6,2,1
BRDA:105,7,0,3
BRDA:105,7,1,0
BRDA:108,8,0,3
BRDA:108,8,1,2
BRDA:114,9,0,3
BRDA:114,9,1,2
BRDA:120,10,0,3
BRDA:120,10,1,2
BRDA:127,11,0,6
BRDA:127,11,1,7
BRDA:128,12,0,1
BRDA:128,12,1,5
BRDA:141,13,0,2
BRDA:141,13,1,3
BRDA:151,14,0,3
BRDA:151,14,1,0
BRDA:153,15,0,1
BRDA:153,15,1,1
BRDA:153,15,2,0
BRDA:153,15,3,1
BRDA:184,16,0,1
BRDA:184,16,1,1
BRDA:184,17,0,2
BRDA:184,17,1,1
BRDA:193,18,0,1
BRDA:193,18,1,1
BRDA:222,19,0,1
BRDA:222,19,1,1
BRDA:222,19,2,0
BRDA:235,20,0,1
BRDA:235,20,1,1
BRDA:236,21,0,1
BRDA:236,21,1,1
BRDA:236,21,2,0
BRDA:237,22,0,1
BRDA:237,22,1,0
BRDA:237,22,2,1
BRF:52
BRH:41
end_of_record
